
*** Running vivado
    with args -log top.vds -m64 -product Vivado -mode batch -messageDb vivado.pb -notrace -source top.tcl



****** Vivado v2025.1 (64-bit)
  **** SW Build 6140274 on Thu May 22 00:12:29 MDT 2025
  **** IP Build 6138677 on Thu May 22 03:10:11 MDT 2025
  **** SharedData Build 6139179 on Tue May 20 17:58:58 MDT 2025
  **** Start of session at: Fri Jun 26 17:03:13 2026
    ** Copyright 1986-2022 Xilinx, Inc. All Rights Reserved.
    ** Copyright 2022-2025 Advanced Micro Devices, Inc. All Rights Reserved.

source top.tcl -notrace
Command: read_checkpoint -auto_incremental -incremental C:/Users/sgzmd/Desktop/pocketscope_sim2_0/pocketscope_sim/pocketscope_sim.srcs/utils_1/imports/synth_1/top.dcp
INFO: [Vivado 12-5825] Read reference checkpoint from C:/Users/sgzmd/Desktop/pocketscope_sim2_0/pocketscope_sim/pocketscope_sim.srcs/utils_1/imports/synth_1/top.dcp for incremental synthesis
INFO: [Vivado 12-7989] Please ensure there are no constraint changes
Command: synth_design -top top -part xc7a35tcsg324-1
Starting synth_design
Attempting to get a license for feature 'Synthesis' and/or device 'xc7a35t'
INFO: [Common 17-349] Got license for feature 'Synthesis' and/or device 'xc7a35t'
INFO: [Device 21-403] Loading part xc7a35tcsg324-1
INFO: [Designutils 20-5440] No compile time benefit to using incremental synthesis; A full resynthesis will be run
INFO: [Designutils 20-4379] Flow is switching to default flow due to incremental criteria not met. If you would like to alter this behaviour and have the flow terminate instead, please set the following parameter config_implementation {autoIncr.Synth.RejectBehavior Terminate}
INFO: [Synth 8-7079] Multithreading enabled for synth_design using a maximum of 2 processes.
INFO: [Synth 8-7078] Launching helper process for spawning children vivado processes
INFO: [Synth 8-7075] Helper process launched with PID 9844
---------------------------------------------------------------------------------
Starting RTL Elaboration : Time (s): cpu = 00:00:03 ; elapsed = 00:00:03 . Memory (MB): peak = 1343.566 ; gain = 494.652
---------------------------------------------------------------------------------
WARNING: [Synth 8-6901] identifier 'pixel_x' is used before its declaration [C:/Users/sgzmd/Desktop/pocketscope_sim2_0/pocketscope_sim/pocketscope_sim.srcs/sources_1/new/top.v:222]
WARNING: [Synth 8-6901] identifier 'pixel_y' is used before its declaration [C:/Users/sgzmd/Desktop/pocketscope_sim2_0/pocketscope_sim/pocketscope_sim.srcs/sources_1/new/top.v:239]
WARNING: [Synth 8-6901] identifier 'pixel_y' is used before its declaration [C:/Users/sgzmd/Desktop/pocketscope_sim2_0/pocketscope_sim/pocketscope_sim.srcs/sources_1/new/top.v:242]
WARNING: [Synth 8-6901] identifier 'pixel_x' is used before its declaration [C:/Users/sgzmd/Desktop/pocketscope_sim2_0/pocketscope_sim/pocketscope_sim.srcs/sources_1/new/top.v:243]
WARNING: [Synth 8-6901] identifier 'pixel_x' is used before its declaration [C:/Users/sgzmd/Desktop/pocketscope_sim2_0/pocketscope_sim/pocketscope_sim.srcs/sources_1/new/top.v:244]
WARNING: [Synth 8-6901] identifier 'pixel_y' is used before its declaration [C:/Users/sgzmd/Desktop/pocketscope_sim2_0/pocketscope_sim/pocketscope_sim.srcs/sources_1/new/top.v:245]
INFO: [Synth 8-6157] synthesizing module 'top' [C:/Users/sgzmd/Desktop/pocketscope_sim2_0/pocketscope_sim/pocketscope_sim.srcs/sources_1/new/top.v:9]
INFO: [Synth 8-6157] synthesizing module 'clk_div_25m' [C:/Users/sgzmd/Desktop/pocketscope_sim2_0/pocketscope_sim/pocketscope_sim.srcs/sources_1/new/clk_div_25m.v:6]
INFO: [Synth 8-6157] synthesizing module 'BUFG' [D:/FPGA/2025.1/Vivado/scripts/rt/data/unisim_comp.v:2678]
INFO: [Synth 8-6155] done synthesizing module 'BUFG' (0#1) [D:/FPGA/2025.1/Vivado/scripts/rt/data/unisim_comp.v:2678]
INFO: [Synth 8-6155] done synthesizing module 'clk_div_25m' (0#1) [C:/Users/sgzmd/Desktop/pocketscope_sim2_0/pocketscope_sim/pocketscope_sim.srcs/sources_1/new/clk_div_25m.v:6]
INFO: [Synth 8-6157] synthesizing module 'ui_ctrl' [C:/Users/sgzmd/Desktop/pocketscope_sim2_0/pocketscope_sim/pocketscope_sim.srcs/sources_1/new/ui_ctrl.v:19]
	Parameter PHASE_WIDTH bound to: 24 - type: integer 
INFO: [Synth 8-6155] done synthesizing module 'ui_ctrl' (0#1) [C:/Users/sgzmd/Desktop/pocketscope_sim2_0/pocketscope_sim/pocketscope_sim.srcs/sources_1/new/ui_ctrl.v:19]
INFO: [Synth 8-6157] synthesizing module 'modulation' [C:/Users/sgzmd/Desktop/pocketscope_sim2_0/pocketscope_sim/pocketscope_sim.srcs/sources_1/new/modulation.v:2]
	Parameter PHASE_WIDTH bound to: 24 - type: integer 
INFO: [Synth 8-3876] $readmem data file 'mod_lut.hex' is read successfully [C:/Users/sgzmd/Desktop/pocketscope_sim2_0/pocketscope_sim/pocketscope_sim.srcs/sources_1/new/modulation.v:17]
INFO: [Synth 8-6155] done synthesizing module 'modulation' (0#1) [C:/Users/sgzmd/Desktop/pocketscope_sim2_0/pocketscope_sim/pocketscope_sim.srcs/sources_1/new/modulation.v:2]
INFO: [Synth 8-6157] synthesizing module 'dds_core' [C:/Users/sgzmd/Desktop/pocketscope_sim2_0/pocketscope_sim/pocketscope_sim.srcs/sources_1/new/dds_core.v:2]
	Parameter PHASE_WIDTH bound to: 24 - type: integer 
	Parameter LUT_ADDR_W bound to: 10 - type: integer 
	Parameter LUT_DATA_W bound to: 8 - type: integer 
INFO: [Synth 8-3876] $readmem data file 'sine_lut.hex' is read successfully [C:/Users/sgzmd/Desktop/pocketscope_sim2_0/pocketscope_sim/pocketscope_sim.srcs/sources_1/new/dds_core.v:31]
INFO: [Synth 8-6155] done synthesizing module 'dds_core' (0#1) [C:/Users/sgzmd/Desktop/pocketscope_sim2_0/pocketscope_sim/pocketscope_sim.srcs/sources_1/new/dds_core.v:2]
INFO: [Synth 8-6157] synthesizing module 'dac0832_ctrl' [C:/Users/sgzmd/Desktop/pocketscope_sim2_0/pocketscope_sim/pocketscope_sim.srcs/sources_1/new/dac0832_ctrl.v:6]
INFO: [Synth 8-6155] done synthesizing module 'dac0832_ctrl' (0#1) [C:/Users/sgzmd/Desktop/pocketscope_sim2_0/pocketscope_sim/pocketscope_sim.srcs/sources_1/new/dac0832_ctrl.v:6]
INFO: [Synth 8-6157] synthesizing module 'char_gen' [C:/Users/sgzmd/Desktop/pocketscope_sim2_0/pocketscope_sim/pocketscope_sim.srcs/sources_1/new/char_gen.v:6]
INFO: [Synth 8-6155] done synthesizing module 'char_gen' (0#1) [C:/Users/sgzmd/Desktop/pocketscope_sim2_0/pocketscope_sim/pocketscope_sim.srcs/sources_1/new/char_gen.v:6]
INFO: [Synth 8-6157] synthesizing module 'xadc_reader' [C:/Users/sgzmd/Desktop/pocketscope_sim2_0/pocketscope_sim/pocketscope_sim.srcs/sources_1/new/xadc_reader.v:34]
	Parameter SIM_MODE bound to: 0 - type: integer 
	Parameter USE_4053 bound to: 1 - type: integer 
	Parameter SINGLE_CH_ADDR bound to: 7'b0010000 
	Parameter SETTLE_CYCLES bound to: 10 - type: integer 
INFO: [Synth 8-6157] synthesizing module 'XADC' [D:/FPGA/2025.1/Vivado/scripts/rt/data/unisim_comp.v:164403]
	Parameter INIT_40 bound to: 16'b0001000000110010 
	Parameter INIT_41 bound to: 16'b0010000000000000 
	Parameter INIT_42 bound to: 16'b0000000000000000 
	Parameter INIT_48 bound to: 16'b0000000000000001 
	Parameter SIM_MONITOR_FILE bound to: xadc_stimulus.txt - type: string 
INFO: [Synth 8-6155] done synthesizing module 'XADC' (0#1) [D:/FPGA/2025.1/Vivado/scripts/rt/data/unisim_comp.v:164403]
INFO: [Synth 8-6155] done synthesizing module 'xadc_reader' (0#1) [C:/Users/sgzmd/Desktop/pocketscope_sim2_0/pocketscope_sim/pocketscope_sim.srcs/sources_1/new/xadc_reader.v:34]
INFO: [Synth 8-6157] synthesizing module 'wave_ram_ch1' [C:/Users/sgzmd/Desktop/pocketscope_sim2_0/pocketscope_sim/pocketscope_sim.srcs/sources_1/new/wave_ram_ch1.v:23]
INFO: [Synth 8-6155] done synthesizing module 'wave_ram_ch1' (0#1) [C:/Users/sgzmd/Desktop/pocketscope_sim2_0/pocketscope_sim/pocketscope_sim.srcs/sources_1/new/wave_ram_ch1.v:23]
INFO: [Synth 8-6157] synthesizing module 'wave_ram_ch2' [C:/Users/sgzmd/Desktop/pocketscope_sim2_0/pocketscope_sim/pocketscope_sim.srcs/sources_1/new/wave_ram_ch2.v:23]
INFO: [Synth 8-6155] done synthesizing module 'wave_ram_ch2' (0#1) [C:/Users/sgzmd/Desktop/pocketscope_sim2_0/pocketscope_sim/pocketscope_sim.srcs/sources_1/new/wave_ram_ch2.v:23]
INFO: [Synth 8-6157] synthesizing module 'vga_ctrl' [C:/Users/sgzmd/Desktop/pocketscope_sim2_0/pocketscope_sim/pocketscope_sim.srcs/sources_1/new/vga_ctrl.v:23]
INFO: [Synth 8-6155] done synthesizing module 'vga_ctrl' (0#1) [C:/Users/sgzmd/Desktop/pocketscope_sim2_0/pocketscope_sim/pocketscope_sim.srcs/sources_1/new/vga_ctrl.v:23]
INFO: [Synth 8-6157] synthesizing module 'wave_analyzer' [C:/Users/sgzmd/Desktop/pocketscope_sim2_0/pocketscope_sim/pocketscope_sim.srcs/sources_1/new/wave_analyzer.v:28]
	Parameter FREQ_CAL_X10 bound to: 403 - type: integer 
	Parameter CAL_MV_X1024 bound to: 4000 - type: integer 
INFO: [Synth 8-6155] done synthesizing module 'wave_analyzer' (0#1) [C:/Users/sgzmd/Desktop/pocketscope_sim2_0/pocketscope_sim/pocketscope_sim.srcs/sources_1/new/wave_analyzer.v:28]
INFO: [Synth 8-6157] synthesizing module 'waveform_display' [C:/Users/sgzmd/Desktop/pocketscope_sim2_0/pocketscope_sim/pocketscope_sim.srcs/sources_1/new/waveform_display.v:16]
INFO: [Synth 8-6155] done synthesizing module 'waveform_display' (0#1) [C:/Users/sgzmd/Desktop/pocketscope_sim2_0/pocketscope_sim/pocketscope_sim.srcs/sources_1/new/waveform_display.v:16]
INFO: [Synth 8-6157] synthesizing module 'lissajous_display' [C:/Users/sgzmd/Desktop/pocketscope_sim2_0/pocketscope_sim/pocketscope_sim.srcs/sources_1/new/lissajous_display.v:12]
INFO: [Synth 8-6155] done synthesizing module 'lissajous_display' (0#1) [C:/Users/sgzmd/Desktop/pocketscope_sim2_0/pocketscope_sim/pocketscope_sim.srcs/sources_1/new/lissajous_display.v:12]
INFO: [Synth 8-6157] synthesizing module 'kaleidoscope' [C:/Users/sgzmd/Desktop/pocketscope_sim2_0/pocketscope_sim/pocketscope_sim.srcs/sources_1/new/kaleidoscope.v:15]
INFO: [Synth 8-6155] done synthesizing module 'kaleidoscope' (0#1) [C:/Users/sgzmd/Desktop/pocketscope_sim2_0/pocketscope_sim/pocketscope_sim.srcs/sources_1/new/kaleidoscope.v:15]
INFO: [Synth 8-6155] done synthesizing module 'top' (0#1) [C:/Users/sgzmd/Desktop/pocketscope_sim2_0/pocketscope_sim/pocketscope_sim.srcs/sources_1/new/top.v:9]
WARNING: [Synth 8-6014] Unused sequential element hw_mode.active_ch_reg was removed.  [C:/Users/sgzmd/Desktop/pocketscope_sim2_0/pocketscope_sim/pocketscope_sim.srcs/sources_1/new/xadc_reader.v:197]
WARNING: [Synth 8-6014] Unused sequential element near_peak_reg was removed.  [C:/Users/sgzmd/Desktop/pocketscope_sim2_0/pocketscope_sim/pocketscope_sim.srcs/sources_1/new/wave_analyzer.v:169]
WARNING: [Synth 8-6014] Unused sequential element near_valley_reg was removed.  [C:/Users/sgzmd/Desktop/pocketscope_sim2_0/pocketscope_sim/pocketscope_sim.srcs/sources_1/new/wave_analyzer.v:170]
WARNING: [Synth 8-6014] Unused sequential element near_mid_reg was removed.  [C:/Users/sgzmd/Desktop/pocketscope_sim2_0/pocketscope_sim/pocketscope_sim.srcs/sources_1/new/wave_analyzer.v:171]
WARNING: [Synth 8-6014] Unused sequential element sum_sq_acc_reg was removed.  [C:/Users/sgzmd/Desktop/pocketscope_sim2_0/pocketscope_sim/pocketscope_sim.srcs/sources_1/new/wave_analyzer.v:214]
WARNING: [Synth 8-6014] Unused sequential element sum_acc_reg was removed.  [C:/Users/sgzmd/Desktop/pocketscope_sim2_0/pocketscope_sim/pocketscope_sim.srcs/sources_1/new/wave_analyzer.v:215]
WARNING: [Synth 8-6014] Unused sequential element rms_peak_reg was removed.  [C:/Users/sgzmd/Desktop/pocketscope_sim2_0/pocketscope_sim/pocketscope_sim.srcs/sources_1/new/wave_analyzer.v:216]
WARNING: [Synth 8-6014] Unused sequential element rms_cnt_reg was removed.  [C:/Users/sgzmd/Desktop/pocketscope_sim2_0/pocketscope_sim/pocketscope_sim.srcs/sources_1/new/wave_analyzer.v:217]
WARNING: [Synth 8-7137] Register trail_x_reg[0] in module lissajous_display has both Set and reset with same priority. This may cause simulation mismatches. Consider rewriting code  [C:/Users/sgzmd/Desktop/pocketscope_sim2_0/pocketscope_sim/pocketscope_sim.srcs/sources_1/new/lissajous_display.v:98]
WARNING: [Synth 8-7137] Register trail_x_reg[1] in module lissajous_display has both Set and reset with same priority. This may cause simulation mismatches. Consider rewriting code  [C:/Users/sgzmd/Desktop/pocketscope_sim2_0/pocketscope_sim/pocketscope_sim.srcs/sources_1/new/lissajous_display.v:98]
WARNING: [Synth 8-7137] Register trail_x_reg[2] in module lissajous_display has both Set and reset with same priority. This may cause simulation mismatches. Consider rewriting code  [C:/Users/sgzmd/Desktop/pocketscope_sim2_0/pocketscope_sim/pocketscope_sim.srcs/sources_1/new/lissajous_display.v:98]
WARNING: [Synth 8-7137] Register trail_x_reg[3] in module lissajous_display has both Set and reset with same priority. This may cause simulation mismatches. Consider rewriting code  [C:/Users/sgzmd/Desktop/pocketscope_sim2_0/pocketscope_sim/pocketscope_sim.srcs/sources_1/new/lissajous_display.v:98]
WARNING: [Synth 8-7137] Register trail_x_reg[4] in module lissajous_display has both Set and reset with same priority. This may cause simulation mismatches. Consider rewriting code  [C:/Users/sgzmd/Desktop/pocketscope_sim2_0/pocketscope_sim/pocketscope_sim.srcs/sources_1/new/lissajous_display.v:98]
WARNING: [Synth 8-7137] Register trail_x_reg[5] in module lissajous_display has both Set and reset with same priority. This may cause simulation mismatches. Consider rewriting code  [C:/Users/sgzmd/Desktop/pocketscope_sim2_0/pocketscope_sim/pocketscope_sim.srcs/sources_1/new/lissajous_display.v:98]
WARNING: [Synth 8-7137] Register trail_x_reg[6] in module lissajous_display has both Set and reset with same priority. This may cause simulation mismatches. Consider rewriting code  [C:/Users/sgzmd/Desktop/pocketscope_sim2_0/pocketscope_sim/pocketscope_sim.srcs/sources_1/new/lissajous_display.v:98]
WARNING: [Synth 8-7137] Register trail_x_reg[7] in module lissajous_display has both Set and reset with same priority. This may cause simulation mismatches. Consider rewriting code  [C:/Users/sgzmd/Desktop/pocketscope_sim2_0/pocketscope_sim/pocketscope_sim.srcs/sources_1/new/lissajous_display.v:98]
WARNING: [Synth 8-7137] Register trail_x_reg[8] in module lissajous_display has both Set and reset with same priority. This may cause simulation mismatches. Consider rewriting code  [C:/Users/sgzmd/Desktop/pocketscope_sim2_0/pocketscope_sim/pocketscope_sim.srcs/sources_1/new/lissajous_display.v:98]
WARNING: [Synth 8-7137] Register trail_x_reg[9] in module lissajous_display has both Set and reset with same priority. This may cause simulation mismatches. Consider rewriting code  [C:/Users/sgzmd/Desktop/pocketscope_sim2_0/pocketscope_sim/pocketscope_sim.srcs/sources_1/new/lissajous_display.v:98]
WARNING: [Synth 8-7137] Register trail_x_reg[10] in module lissajous_display has both Set and reset with same priority. This may cause simulation mismatches. Consider rewriting code  [C:/Users/sgzmd/Desktop/pocketscope_sim2_0/pocketscope_sim/pocketscope_sim.srcs/sources_1/new/lissajous_display.v:98]
WARNING: [Synth 8-7137] Register trail_x_reg[11] in module lissajous_display has both Set and reset with same priority. This may cause simulation mismatches. Consider rewriting code  [C:/Users/sgzmd/Desktop/pocketscope_sim2_0/pocketscope_sim/pocketscope_sim.srcs/sources_1/new/lissajous_display.v:98]
WARNING: [Synth 8-7137] Register trail_x_reg[12] in module lissajous_display has both Set and reset with same priority. This may cause simulation mismatches. Consider rewriting code  [C:/Users/sgzmd/Desktop/pocketscope_sim2_0/pocketscope_sim/pocketscope_sim.srcs/sources_1/new/lissajous_display.v:98]
WARNING: [Synth 8-7137] Register trail_x_reg[13] in module lissajous_display has both Set and reset with same priority. This may cause simulation mismatches. Consider rewriting code  [C:/Users/sgzmd/Desktop/pocketscope_sim2_0/pocketscope_sim/pocketscope_sim.srcs/sources_1/new/lissajous_display.v:98]
WARNING: [Synth 8-7137] Register trail_x_reg[14] in module lissajous_display has both Set and reset with same priority. This may cause simulation mismatches. Consider rewriting code  [C:/Users/sgzmd/Desktop/pocketscope_sim2_0/pocketscope_sim/pocketscope_sim.srcs/sources_1/new/lissajous_display.v:98]
WARNING: [Synth 8-7137] Register trail_x_reg[15] in module lissajous_display has both Set and reset with same priority. This may cause simulation mismatches. Consider rewriting code  [C:/Users/sgzmd/Desktop/pocketscope_sim2_0/pocketscope_sim/pocketscope_sim.srcs/sources_1/new/lissajous_display.v:98]
WARNING: [Synth 8-7137] Register trail_x_reg[16] in module lissajous_display has both Set and reset with same priority. This may cause simulation mismatches. Consider rewriting code  [C:/Users/sgzmd/Desktop/pocketscope_sim2_0/pocketscope_sim/pocketscope_sim.srcs/sources_1/new/lissajous_display.v:98]
WARNING: [Synth 8-7137] Register trail_x_reg[17] in module lissajous_display has both Set and reset with same priority. This may cause simulation mismatches. Consider rewriting code  [C:/Users/sgzmd/Desktop/pocketscope_sim2_0/pocketscope_sim/pocketscope_sim.srcs/sources_1/new/lissajous_display.v:98]
WARNING: [Synth 8-7137] Register trail_x_reg[18] in module lissajous_display has both Set and reset with same priority. This may cause simulation mismatches. Consider rewriting code  [C:/Users/sgzmd/Desktop/pocketscope_sim2_0/pocketscope_sim/pocketscope_sim.srcs/sources_1/new/lissajous_display.v:98]
WARNING: [Synth 8-7137] Register trail_x_reg[19] in module lissajous_display has both Set and reset with same priority. This may cause simulation mismatches. Consider rewriting code  [C:/Users/sgzmd/Desktop/pocketscope_sim2_0/pocketscope_sim/pocketscope_sim.srcs/sources_1/new/lissajous_display.v:98]
WARNING: [Synth 8-7137] Register trail_x_reg[20] in module lissajous_display has both Set and reset with same priority. This may cause simulation mismatches. Consider rewriting code  [C:/Users/sgzmd/Desktop/pocketscope_sim2_0/pocketscope_sim/pocketscope_sim.srcs/sources_1/new/lissajous_display.v:98]
WARNING: [Synth 8-7137] Register trail_x_reg[21] in module lissajous_display has both Set and reset with same priority. This may cause simulation mismatches. Consider rewriting code  [C:/Users/sgzmd/Desktop/pocketscope_sim2_0/pocketscope_sim/pocketscope_sim.srcs/sources_1/new/lissajous_display.v:98]
WARNING: [Synth 8-7137] Register trail_x_reg[22] in module lissajous_display has both Set and reset with same priority. This may cause simulation mismatches. Consider rewriting code  [C:/Users/sgzmd/Desktop/pocketscope_sim2_0/pocketscope_sim/pocketscope_sim.srcs/sources_1/new/lissajous_display.v:98]
WARNING: [Synth 8-7137] Register trail_x_reg[23] in module lissajous_display has both Set and reset with same priority. This may cause simulation mismatches. Consider rewriting code  [C:/Users/sgzmd/Desktop/pocketscope_sim2_0/pocketscope_sim/pocketscope_sim.srcs/sources_1/new/lissajous_display.v:98]
WARNING: [Synth 8-7137] Register trail_x_reg[24] in module lissajous_display has both Set and reset with same priority. This may cause simulation mismatches. Consider rewriting code  [C:/Users/sgzmd/Desktop/pocketscope_sim2_0/pocketscope_sim/pocketscope_sim.srcs/sources_1/new/lissajous_display.v:98]
WARNING: [Synth 8-7137] Register trail_x_reg[25] in module lissajous_display has both Set and reset with same priority. This may cause simulation mismatches. Consider rewriting code  [C:/Users/sgzmd/Desktop/pocketscope_sim2_0/pocketscope_sim/pocketscope_sim.srcs/sources_1/new/lissajous_display.v:98]
WARNING: [Synth 8-7137] Register trail_x_reg[26] in module lissajous_display has both Set and reset with same priority. This may cause simulation mismatches. Consider rewriting code  [C:/Users/sgzmd/Desktop/pocketscope_sim2_0/pocketscope_sim/pocketscope_sim.srcs/sources_1/new/lissajous_display.v:98]
WARNING: [Synth 8-7137] Register trail_x_reg[27] in module lissajous_display has both Set and reset with same priority. This may cause simulation mismatches. Consider rewriting code  [C:/Users/sgzmd/Desktop/pocketscope_sim2_0/pocketscope_sim/pocketscope_sim.srcs/sources_1/new/lissajous_display.v:98]
WARNING: [Synth 8-7137] Register trail_x_reg[28] in module lissajous_display has both Set and reset with same priority. This may cause simulation mismatches. Consider rewriting code  [C:/Users/sgzmd/Desktop/pocketscope_sim2_0/pocketscope_sim/pocketscope_sim.srcs/sources_1/new/lissajous_display.v:98]
WARNING: [Synth 8-7137] Register trail_x_reg[29] in module lissajous_display has both Set and reset with same priority. This may cause simulation mismatches. Consider rewriting code  [C:/Users/sgzmd/Desktop/pocketscope_sim2_0/pocketscope_sim/pocketscope_sim.srcs/sources_1/new/lissajous_display.v:98]
WARNING: [Synth 8-7137] Register trail_x_reg[30] in module lissajous_display has both Set and reset with same priority. This may cause simulation mismatches. Consider rewriting code  [C:/Users/sgzmd/Desktop/pocketscope_sim2_0/pocketscope_sim/pocketscope_sim.srcs/sources_1/new/lissajous_display.v:98]
WARNING: [Synth 8-7137] Register trail_x_reg[31] in module lissajous_display has both Set and reset with same priority. This may cause simulation mismatches. Consider rewriting code  [C:/Users/sgzmd/Desktop/pocketscope_sim2_0/pocketscope_sim/pocketscope_sim.srcs/sources_1/new/lissajous_display.v:98]
WARNING: [Synth 8-7137] Register trail_x_reg[32] in module lissajous_display has both Set and reset with same priority. This may cause simulation mismatches. Consider rewriting code  [C:/Users/sgzmd/Desktop/pocketscope_sim2_0/pocketscope_sim/pocketscope_sim.srcs/sources_1/new/lissajous_display.v:98]
WARNING: [Synth 8-7137] Register trail_x_reg[33] in module lissajous_display has both Set and reset with same priority. This may cause simulation mismatches. Consider rewriting code  [C:/Users/sgzmd/Desktop/pocketscope_sim2_0/pocketscope_sim/pocketscope_sim.srcs/sources_1/new/lissajous_display.v:98]
WARNING: [Synth 8-7137] Register trail_x_reg[34] in module lissajous_display has both Set and reset with same priority. This may cause simulation mismatches. Consider rewriting code  [C:/Users/sgzmd/Desktop/pocketscope_sim2_0/pocketscope_sim/pocketscope_sim.srcs/sources_1/new/lissajous_display.v:98]
WARNING: [Synth 8-7137] Register trail_x_reg[35] in module lissajous_display has both Set and reset with same priority. This may cause simulation mismatches. Consider rewriting code  [C:/Users/sgzmd/Desktop/pocketscope_sim2_0/pocketscope_sim/pocketscope_sim.srcs/sources_1/new/lissajous_display.v:98]
WARNING: [Synth 8-7137] Register trail_x_reg[36] in module lissajous_display has both Set and reset with same priority. This may cause simulation mismatches. Consider rewriting code  [C:/Users/sgzmd/Desktop/pocketscope_sim2_0/pocketscope_sim/pocketscope_sim.srcs/sources_1/new/lissajous_display.v:98]
WARNING: [Synth 8-7137] Register trail_x_reg[37] in module lissajous_display has both Set and reset with same priority. This may cause simulation mismatches. Consider rewriting code  [C:/Users/sgzmd/Desktop/pocketscope_sim2_0/pocketscope_sim/pocketscope_sim.srcs/sources_1/new/lissajous_display.v:98]
WARNING: [Synth 8-7137] Register trail_x_reg[38] in module lissajous_display has both Set and reset with same priority. This may cause simulation mismatches. Consider rewriting code  [C:/Users/sgzmd/Desktop/pocketscope_sim2_0/pocketscope_sim/pocketscope_sim.srcs/sources_1/new/lissajous_display.v:98]
WARNING: [Synth 8-7137] Register trail_x_reg[39] in module lissajous_display has both Set and reset with same priority. This may cause simulation mismatches. Consider rewriting code  [C:/Users/sgzmd/Desktop/pocketscope_sim2_0/pocketscope_sim/pocketscope_sim.srcs/sources_1/new/lissajous_display.v:98]
WARNING: [Synth 8-7137] Register trail_x_reg[40] in module lissajous_display has both Set and reset with same priority. This may cause simulation mismatches. Consider rewriting code  [C:/Users/sgzmd/Desktop/pocketscope_sim2_0/pocketscope_sim/pocketscope_sim.srcs/sources_1/new/lissajous_display.v:98]
WARNING: [Synth 8-7137] Register trail_x_reg[41] in module lissajous_display has both Set and reset with same priority. This may cause simulation mismatches. Consider rewriting code  [C:/Users/sgzmd/Desktop/pocketscope_sim2_0/pocketscope_sim/pocketscope_sim.srcs/sources_1/new/lissajous_display.v:98]
WARNING: [Synth 8-7137] Register trail_x_reg[42] in module lissajous_display has both Set and reset with same priority. This may cause simulation mismatches. Consider rewriting code  [C:/Users/sgzmd/Desktop/pocketscope_sim2_0/pocketscope_sim/pocketscope_sim.srcs/sources_1/new/lissajous_display.v:98]
WARNING: [Synth 8-7137] Register trail_x_reg[43] in module lissajous_display has both Set and reset with same priority. This may cause simulation mismatches. Consider rewriting code  [C:/Users/sgzmd/Desktop/pocketscope_sim2_0/pocketscope_sim/pocketscope_sim.srcs/sources_1/new/lissajous_display.v:98]
WARNING: [Synth 8-7137] Register trail_x_reg[44] in module lissajous_display has both Set and reset with same priority. This may cause simulation mismatches. Consider rewriting code  [C:/Users/sgzmd/Desktop/pocketscope_sim2_0/pocketscope_sim/pocketscope_sim.srcs/sources_1/new/lissajous_display.v:98]
WARNING: [Synth 8-7137] Register trail_x_reg[45] in module lissajous_display has both Set and reset with same priority. This may cause simulation mismatches. Consider rewriting code  [C:/Users/sgzmd/Desktop/pocketscope_sim2_0/pocketscope_sim/pocketscope_sim.srcs/sources_1/new/lissajous_display.v:98]
WARNING: [Synth 8-7137] Register trail_x_reg[46] in module lissajous_display has both Set and reset with same priority. This may cause simulation mismatches. Consider rewriting code  [C:/Users/sgzmd/Desktop/pocketscope_sim2_0/pocketscope_sim/pocketscope_sim.srcs/sources_1/new/lissajous_display.v:98]
WARNING: [Synth 8-7137] Register trail_x_reg[47] in module lissajous_display has both Set and reset with same priority. This may cause simulation mismatches. Consider rewriting code  [C:/Users/sgzmd/Desktop/pocketscope_sim2_0/pocketscope_sim/pocketscope_sim.srcs/sources_1/new/lissajous_display.v:98]
WARNING: [Synth 8-7137] Register trail_x_reg[48] in module lissajous_display has both Set and reset with same priority. This may cause simulation mismatches. Consider rewriting code  [C:/Users/sgzmd/Desktop/pocketscope_sim2_0/pocketscope_sim/pocketscope_sim.srcs/sources_1/new/lissajous_display.v:98]
WARNING: [Synth 8-7137] Register trail_x_reg[49] in module lissajous_display has both Set and reset with same priority. This may cause simulation mismatches. Consider rewriting code  [C:/Users/sgzmd/Desktop/pocketscope_sim2_0/pocketscope_sim/pocketscope_sim.srcs/sources_1/new/lissajous_display.v:98]
WARNING: [Synth 8-7137] Register trail_x_reg[50] in module lissajous_display has both Set and reset with same priority. This may cause simulation mismatches. Consider rewriting code  [C:/Users/sgzmd/Desktop/pocketscope_sim2_0/pocketscope_sim/pocketscope_sim.srcs/sources_1/new/lissajous_display.v:98]
WARNING: [Synth 8-7137] Register trail_x_reg[51] in module lissajous_display has both Set and reset with same priority. This may cause simulation mismatches. Consider rewriting code  [C:/Users/sgzmd/Desktop/pocketscope_sim2_0/pocketscope_sim/pocketscope_sim.srcs/sources_1/new/lissajous_display.v:98]
WARNING: [Synth 8-7137] Register trail_x_reg[52] in module lissajous_display has both Set and reset with same priority. This may cause simulation mismatches. Consider rewriting code  [C:/Users/sgzmd/Desktop/pocketscope_sim2_0/pocketscope_sim/pocketscope_sim.srcs/sources_1/new/lissajous_display.v:98]
WARNING: [Synth 8-7137] Register trail_x_reg[53] in module lissajous_display has both Set and reset with same priority. This may cause simulation mismatches. Consider rewriting code  [C:/Users/sgzmd/Desktop/pocketscope_sim2_0/pocketscope_sim/pocketscope_sim.srcs/sources_1/new/lissajous_display.v:98]
WARNING: [Synth 8-7137] Register trail_x_reg[54] in module lissajous_display has both Set and reset with same priority. This may cause simulation mismatches. Consider rewriting code  [C:/Users/sgzmd/Desktop/pocketscope_sim2_0/pocketscope_sim/pocketscope_sim.srcs/sources_1/new/lissajous_display.v:98]
WARNING: [Synth 8-7137] Register trail_x_reg[55] in module lissajous_display has both Set and reset with same priority. This may cause simulation mismatches. Consider rewriting code  [C:/Users/sgzmd/Desktop/pocketscope_sim2_0/pocketscope_sim/pocketscope_sim.srcs/sources_1/new/lissajous_display.v:98]
WARNING: [Synth 8-7137] Register trail_x_reg[56] in module lissajous_display has both Set and reset with same priority. This may cause simulation mismatches. Consider rewriting code  [C:/Users/sgzmd/Desktop/pocketscope_sim2_0/pocketscope_sim/pocketscope_sim.srcs/sources_1/new/lissajous_display.v:98]
WARNING: [Synth 8-7137] Register trail_x_reg[57] in module lissajous_display has both Set and reset with same priority. This may cause simulation mismatches. Consider rewriting code  [C:/Users/sgzmd/Desktop/pocketscope_sim2_0/pocketscope_sim/pocketscope_sim.srcs/sources_1/new/lissajous_display.v:98]
WARNING: [Synth 8-7137] Register trail_x_reg[58] in module lissajous_display has both Set and reset with same priority. This may cause simulation mismatches. Consider rewriting code  [C:/Users/sgzmd/Desktop/pocketscope_sim2_0/pocketscope_sim/pocketscope_sim.srcs/sources_1/new/lissajous_display.v:98]
WARNING: [Synth 8-7137] Register trail_x_reg[59] in module lissajous_display has both Set and reset with same priority. This may cause simulation mismatches. Consider rewriting code  [C:/Users/sgzmd/Desktop/pocketscope_sim2_0/pocketscope_sim/pocketscope_sim.srcs/sources_1/new/lissajous_display.v:98]
WARNING: [Synth 8-7137] Register trail_x_reg[60] in module lissajous_display has both Set and reset with same priority. This may cause simulation mismatches. Consider rewriting code  [C:/Users/sgzmd/Desktop/pocketscope_sim2_0/pocketscope_sim/pocketscope_sim.srcs/sources_1/new/lissajous_display.v:98]
WARNING: [Synth 8-7137] Register trail_x_reg[61] in module lissajous_display has both Set and reset with same priority. This may cause simulation mismatches. Consider rewriting code  [C:/Users/sgzmd/Desktop/pocketscope_sim2_0/pocketscope_sim/pocketscope_sim.srcs/sources_1/new/lissajous_display.v:98]
WARNING: [Synth 8-7137] Register trail_x_reg[62] in module lissajous_display has both Set and reset with same priority. This may cause simulation mismatches. Consider rewriting code  [C:/Users/sgzmd/Desktop/pocketscope_sim2_0/pocketscope_sim/pocketscope_sim.srcs/sources_1/new/lissajous_display.v:98]
WARNING: [Synth 8-7137] Register trail_x_reg[63] in module lissajous_display has both Set and reset with same priority. This may cause simulation mismatches. Consider rewriting code  [C:/Users/sgzmd/Desktop/pocketscope_sim2_0/pocketscope_sim/pocketscope_sim.srcs/sources_1/new/lissajous_display.v:98]
WARNING: [Synth 8-7137] Register trail_y_reg[0] in module lissajous_display has both Set and reset with same priority. This may cause simulation mismatches. Consider rewriting code  [C:/Users/sgzmd/Desktop/pocketscope_sim2_0/pocketscope_sim/pocketscope_sim.srcs/sources_1/new/lissajous_display.v:99]
WARNING: [Synth 8-7137] Register trail_y_reg[1] in module lissajous_display has both Set and reset with same priority. This may cause simulation mismatches. Consider rewriting code  [C:/Users/sgzmd/Desktop/pocketscope_sim2_0/pocketscope_sim/pocketscope_sim.srcs/sources_1/new/lissajous_display.v:99]
WARNING: [Synth 8-7137] Register trail_y_reg[2] in module lissajous_display has both Set and reset with same priority. This may cause simulation mismatches. Consider rewriting code  [C:/Users/sgzmd/Desktop/pocketscope_sim2_0/pocketscope_sim/pocketscope_sim.srcs/sources_1/new/lissajous_display.v:99]
WARNING: [Synth 8-7137] Register trail_y_reg[3] in module lissajous_display has both Set and reset with same priority. This may cause simulation mismatches. Consider rewriting code  [C:/Users/sgzmd/Desktop/pocketscope_sim2_0/pocketscope_sim/pocketscope_sim.srcs/sources_1/new/lissajous_display.v:99]
WARNING: [Synth 8-7137] Register trail_y_reg[4] in module lissajous_display has both Set and reset with same priority. This may cause simulation mismatches. Consider rewriting code  [C:/Users/sgzmd/Desktop/pocketscope_sim2_0/pocketscope_sim/pocketscope_sim.srcs/sources_1/new/lissajous_display.v:99]
WARNING: [Synth 8-7137] Register trail_y_reg[5] in module lissajous_display has both Set and reset with same priority. This may cause simulation mismatches. Consider rewriting code  [C:/Users/sgzmd/Desktop/pocketscope_sim2_0/pocketscope_sim/pocketscope_sim.srcs/sources_1/new/lissajous_display.v:99]
WARNING: [Synth 8-7137] Register trail_y_reg[6] in module lissajous_display has both Set and reset with same priority. This may cause simulation mismatches. Consider rewriting code  [C:/Users/sgzmd/Desktop/pocketscope_sim2_0/pocketscope_sim/pocketscope_sim.srcs/sources_1/new/lissajous_display.v:99]
WARNING: [Synth 8-7137] Register trail_y_reg[7] in module lissajous_display has both Set and reset with same priority. This may cause simulation mismatches. Consider rewriting code  [C:/Users/sgzmd/Desktop/pocketscope_sim2_0/pocketscope_sim/pocketscope_sim.srcs/sources_1/new/lissajous_display.v:99]
WARNING: [Synth 8-7137] Register trail_y_reg[8] in module lissajous_display has both Set and reset with same priority. This may cause simulation mismatches. Consider rewriting code  [C:/Users/sgzmd/Desktop/pocketscope_sim2_0/pocketscope_sim/pocketscope_sim.srcs/sources_1/new/lissajous_display.v:99]
WARNING: [Synth 8-7137] Register trail_y_reg[9] in module lissajous_display has both Set and reset with same priority. This may cause simulation mismatches. Consider rewriting code  [C:/Users/sgzmd/Desktop/pocketscope_sim2_0/pocketscope_sim/pocketscope_sim.srcs/sources_1/new/lissajous_display.v:99]
WARNING: [Synth 8-7137] Register trail_y_reg[10] in module lissajous_display has both Set and reset with same priority. This may cause simulation mismatches. Consider rewriting code  [C:/Users/sgzmd/Desktop/pocketscope_sim2_0/pocketscope_sim/pocketscope_sim.srcs/sources_1/new/lissajous_display.v:99]
WARNING: [Synth 8-7137] Register trail_y_reg[11] in module lissajous_display has both Set and reset with same priority. This may cause simulation mismatches. Consider rewriting code  [C:/Users/sgzmd/Desktop/pocketscope_sim2_0/pocketscope_sim/pocketscope_sim.srcs/sources_1/new/lissajous_display.v:99]
WARNING: [Synth 8-7137] Register trail_y_reg[12] in module lissajous_display has both Set and reset with same priority. This may cause simulation mismatches. Consider rewriting code  [C:/Users/sgzmd/Desktop/pocketscope_sim2_0/pocketscope_sim/pocketscope_sim.srcs/sources_1/new/lissajous_display.v:99]
WARNING: [Synth 8-7137] Register trail_y_reg[13] in module lissajous_display has both Set and reset with same priority. This may cause simulation mismatches. Consider rewriting code  [C:/Users/sgzmd/Desktop/pocketscope_sim2_0/pocketscope_sim/pocketscope_sim.srcs/sources_1/new/lissajous_display.v:99]
WARNING: [Synth 8-7137] Register trail_y_reg[14] in module lissajous_display has both Set and reset with same priority. This may cause simulation mismatches. Consider rewriting code  [C:/Users/sgzmd/Desktop/pocketscope_sim2_0/pocketscope_sim/pocketscope_sim.srcs/sources_1/new/lissajous_display.v:99]
WARNING: [Synth 8-7137] Register trail_y_reg[15] in module lissajous_display has both Set and reset with same priority. This may cause simulation mismatches. Consider rewriting code  [C:/Users/sgzmd/Desktop/pocketscope_sim2_0/pocketscope_sim/pocketscope_sim.srcs/sources_1/new/lissajous_display.v:99]
WARNING: [Synth 8-7137] Register trail_y_reg[16] in module lissajous_display has both Set and reset with same priority. This may cause simulation mismatches. Consider rewriting code  [C:/Users/sgzmd/Desktop/pocketscope_sim2_0/pocketscope_sim/pocketscope_sim.srcs/sources_1/new/lissajous_display.v:99]
WARNING: [Synth 8-7137] Register trail_y_reg[17] in module lissajous_display has both Set and reset with same priority. This may cause simulation mismatches. Consider rewriting code  [C:/Users/sgzmd/Desktop/pocketscope_sim2_0/pocketscope_sim/pocketscope_sim.srcs/sources_1/new/lissajous_display.v:99]
WARNING: [Synth 8-7137] Register trail_y_reg[18] in module lissajous_display has both Set and reset with same priority. This may cause simulation mismatches. Consider rewriting code  [C:/Users/sgzmd/Desktop/pocketscope_sim2_0/pocketscope_sim/pocketscope_sim.srcs/sources_1/new/lissajous_display.v:99]
WARNING: [Synth 8-7137] Register trail_y_reg[19] in module lissajous_display has both Set and reset with same priority. This may cause simulation mismatches. Consider rewriting code  [C:/Users/sgzmd/Desktop/pocketscope_sim2_0/pocketscope_sim/pocketscope_sim.srcs/sources_1/new/lissajous_display.v:99]
WARNING: [Synth 8-7137] Register trail_y_reg[20] in module lissajous_display has both Set and reset with same priority. This may cause simulation mismatches. Consider rewriting code  [C:/Users/sgzmd/Desktop/pocketscope_sim2_0/pocketscope_sim/pocketscope_sim.srcs/sources_1/new/lissajous_display.v:99]
WARNING: [Synth 8-7137] Register trail_y_reg[21] in module lissajous_display has both Set and reset with same priority. This may cause simulation mismatches. Consider rewriting code  [C:/Users/sgzmd/Desktop/pocketscope_sim2_0/pocketscope_sim/pocketscope_sim.srcs/sources_1/new/lissajous_display.v:99]
WARNING: [Synth 8-7137] Register trail_y_reg[22] in module lissajous_display has both Set and reset with same priority. This may cause simulation mismatches. Consider rewriting code  [C:/Users/sgzmd/Desktop/pocketscope_sim2_0/pocketscope_sim/pocketscope_sim.srcs/sources_1/new/lissajous_display.v:99]
WARNING: [Synth 8-7137] Register trail_y_reg[23] in module lissajous_display has both Set and reset with same priority. This may cause simulation mismatches. Consider rewriting code  [C:/Users/sgzmd/Desktop/pocketscope_sim2_0/pocketscope_sim/pocketscope_sim.srcs/sources_1/new/lissajous_display.v:99]
WARNING: [Synth 8-7137] Register trail_y_reg[24] in module lissajous_display has both Set and reset with same priority. This may cause simulation mismatches. Consider rewriting code  [C:/Users/sgzmd/Desktop/pocketscope_sim2_0/pocketscope_sim/pocketscope_sim.srcs/sources_1/new/lissajous_display.v:99]
WARNING: [Synth 8-7137] Register trail_y_reg[25] in module lissajous_display has both Set and reset with same priority. This may cause simulation mismatches. Consider rewriting code  [C:/Users/sgzmd/Desktop/pocketscope_sim2_0/pocketscope_sim/pocketscope_sim.srcs/sources_1/new/lissajous_display.v:99]
WARNING: [Synth 8-7137] Register trail_y_reg[26] in module lissajous_display has both Set and reset with same priority. This may cause simulation mismatches. Consider rewriting code  [C:/Users/sgzmd/Desktop/pocketscope_sim2_0/pocketscope_sim/pocketscope_sim.srcs/sources_1/new/lissajous_display.v:99]
WARNING: [Synth 8-7137] Register trail_y_reg[27] in module lissajous_display has both Set and reset with same priority. This may cause simulation mismatches. Consider rewriting code  [C:/Users/sgzmd/Desktop/pocketscope_sim2_0/pocketscope_sim/pocketscope_sim.srcs/sources_1/new/lissajous_display.v:99]
WARNING: [Synth 8-7137] Register trail_y_reg[28] in module lissajous_display has both Set and reset with same priority. This may cause simulation mismatches. Consider rewriting code  [C:/Users/sgzmd/Desktop/pocketscope_sim2_0/pocketscope_sim/pocketscope_sim.srcs/sources_1/new/lissajous_display.v:99]
WARNING: [Synth 8-7137] Register trail_y_reg[29] in module lissajous_display has both Set and reset with same priority. This may cause simulation mismatches. Consider rewriting code  [C:/Users/sgzmd/Desktop/pocketscope_sim2_0/pocketscope_sim/pocketscope_sim.srcs/sources_1/new/lissajous_display.v:99]
WARNING: [Synth 8-7137] Register trail_y_reg[30] in module lissajous_display has both Set and reset with same priority. This may cause simulation mismatches. Consider rewriting code  [C:/Users/sgzmd/Desktop/pocketscope_sim2_0/pocketscope_sim/pocketscope_sim.srcs/sources_1/new/lissajous_display.v:99]
WARNING: [Synth 8-7137] Register trail_y_reg[31] in module lissajous_display has both Set and reset with same priority. This may cause simulation mismatches. Consider rewriting code  [C:/Users/sgzmd/Desktop/pocketscope_sim2_0/pocketscope_sim/pocketscope_sim.srcs/sources_1/new/lissajous_display.v:99]
WARNING: [Synth 8-7137] Register trail_y_reg[32] in module lissajous_display has both Set and reset with same priority. This may cause simulation mismatches. Consider rewriting code  [C:/Users/sgzmd/Desktop/pocketscope_sim2_0/pocketscope_sim/pocketscope_sim.srcs/sources_1/new/lissajous_display.v:99]
WARNING: [Synth 8-7137] Register trail_y_reg[33] in module lissajous_display has both Set and reset with same priority. This may cause simulation mismatches. Consider rewriting code  [C:/Users/sgzmd/Desktop/pocketscope_sim2_0/pocketscope_sim/pocketscope_sim.srcs/sources_1/new/lissajous_display.v:99]
WARNING: [Synth 8-7137] Register trail_y_reg[34] in module lissajous_display has both Set and reset with same priority. This may cause simulation mismatches. Consider rewriting code  [C:/Users/sgzmd/Desktop/pocketscope_sim2_0/pocketscope_sim/pocketscope_sim.srcs/sources_1/new/lissajous_display.v:99]
WARNING: [Synth 8-7137] Register trail_y_reg[35] in module lissajous_display has both Set and reset with same priority. This may cause simulation mismatches. Consider rewriting code  [C:/Users/sgzmd/Desktop/pocketscope_sim2_0/pocketscope_sim/pocketscope_sim.srcs/sources_1/new/lissajous_display.v:99]
INFO: [Common 17-14] Message 'Synth 8-7137' appears 100 times and further instances of the messages will be disabled. Use the Tcl command set_msg_config to change the current settings.
WARNING: [Synth 8-6014] Unused sequential element sg_wr_ptr_reg was removed.  [C:/Users/sgzmd/Desktop/pocketscope_sim2_0/pocketscope_sim/pocketscope_sim.srcs/sources_1/new/top.v:206]
WARNING: [Synth 8-6014] Unused sequential element sg_sample_div_reg was removed.  [C:/Users/sgzmd/Desktop/pocketscope_sim2_0/pocketscope_sim/pocketscope_sim.srcs/sources_1/new/top.v:207]
WARNING: [Synth 8-6014] Unused sequential element sg_ram_reg was removed. 
WARNING: [Synth 8-6014] Unused sequential element sg_rd_data_reg was removed.  [C:/Users/sgzmd/Desktop/pocketscope_sim2_0/pocketscope_sim/pocketscope_sim.srcs/sources_1/new/top.v:226]
WARNING: [Synth 8-7129] Port clk in module char_gen is either unconnected or has no load
WARNING: [Synth 8-7129] Port vpp_ch1[7] in module waveform_display is either unconnected or has no load
WARNING: [Synth 8-7129] Port vpp_ch1[6] in module waveform_display is either unconnected or has no load
WARNING: [Synth 8-7129] Port vpp_ch1[5] in module waveform_display is either unconnected or has no load
WARNING: [Synth 8-7129] Port vpp_ch1[4] in module waveform_display is either unconnected or has no load
WARNING: [Synth 8-7129] Port vpp_ch1[3] in module waveform_display is either unconnected or has no load
WARNING: [Synth 8-7129] Port vpp_ch1[2] in module waveform_display is either unconnected or has no load
WARNING: [Synth 8-7129] Port vpp_ch1[1] in module waveform_display is either unconnected or has no load
WARNING: [Synth 8-7129] Port vpp_ch1[0] in module waveform_display is either unconnected or has no load
WARNING: [Synth 8-7129] Port vpp_ch2[7] in module waveform_display is either unconnected or has no load
WARNING: [Synth 8-7129] Port vpp_ch2[6] in module waveform_display is either unconnected or has no load
WARNING: [Synth 8-7129] Port vpp_ch2[5] in module waveform_display is either unconnected or has no load
WARNING: [Synth 8-7129] Port vpp_ch2[4] in module waveform_display is either unconnected or has no load
WARNING: [Synth 8-7129] Port vpp_ch2[3] in module waveform_display is either unconnected or has no load
WARNING: [Synth 8-7129] Port vpp_ch2[2] in module waveform_display is either unconnected or has no load
WARNING: [Synth 8-7129] Port vpp_ch2[1] in module waveform_display is either unconnected or has no load
WARNING: [Synth 8-7129] Port vpp_ch2[0] in module waveform_display is either unconnected or has no load
WARNING: [Synth 8-7129] Port meas_valid in module waveform_display is either unconnected or has no load
WARNING: [Synth 8-7129] Port rms_ch1[7] in module waveform_display is either unconnected or has no load
WARNING: [Synth 8-7129] Port rms_ch1[6] in module waveform_display is either unconnected or has no load
WARNING: [Synth 8-7129] Port rms_ch1[5] in module waveform_display is either unconnected or has no load
WARNING: [Synth 8-7129] Port rms_ch1[4] in module waveform_display is either unconnected or has no load
WARNING: [Synth 8-7129] Port rms_ch1[3] in module waveform_display is either unconnected or has no load
WARNING: [Synth 8-7129] Port rms_ch1[2] in module waveform_display is either unconnected or has no load
WARNING: [Synth 8-7129] Port rms_ch1[1] in module waveform_display is either unconnected or has no load
WARNING: [Synth 8-7129] Port rms_ch1[0] in module waveform_display is either unconnected or has no load
WARNING: [Synth 8-7129] Port avg_ch1[7] in module waveform_display is either unconnected or has no load
WARNING: [Synth 8-7129] Port avg_ch1[6] in module waveform_display is either unconnected or has no load
WARNING: [Synth 8-7129] Port avg_ch1[5] in module waveform_display is either unconnected or has no load
WARNING: [Synth 8-7129] Port avg_ch1[4] in module waveform_display is either unconnected or has no load
WARNING: [Synth 8-7129] Port avg_ch1[3] in module waveform_display is either unconnected or has no load
WARNING: [Synth 8-7129] Port avg_ch1[2] in module waveform_display is either unconnected or has no load
WARNING: [Synth 8-7129] Port avg_ch1[1] in module waveform_display is either unconnected or has no load
WARNING: [Synth 8-7129] Port avg_ch1[0] in module waveform_display is either unconnected or has no load
WARNING: [Synth 8-7129] Port max_ch1[7] in module waveform_display is either unconnected or has no load
WARNING: [Synth 8-7129] Port max_ch1[6] in module waveform_display is either unconnected or has no load
WARNING: [Synth 8-7129] Port max_ch1[5] in module waveform_display is either unconnected or has no load
WARNING: [Synth 8-7129] Port max_ch1[4] in module waveform_display is either unconnected or has no load
WARNING: [Synth 8-7129] Port max_ch1[3] in module waveform_display is either unconnected or has no load
WARNING: [Synth 8-7129] Port max_ch1[2] in module waveform_display is either unconnected or has no load
WARNING: [Synth 8-7129] Port max_ch1[1] in module waveform_display is either unconnected or has no load
WARNING: [Synth 8-7129] Port max_ch1[0] in module waveform_display is either unconnected or has no load
WARNING: [Synth 8-7129] Port rms_ch2[7] in module waveform_display is either unconnected or has no load
WARNING: [Synth 8-7129] Port rms_ch2[6] in module waveform_display is either unconnected or has no load
WARNING: [Synth 8-7129] Port rms_ch2[5] in module waveform_display is either unconnected or has no load
WARNING: [Synth 8-7129] Port rms_ch2[4] in module waveform_display is either unconnected or has no load
WARNING: [Synth 8-7129] Port rms_ch2[3] in module waveform_display is either unconnected or has no load
WARNING: [Synth 8-7129] Port rms_ch2[2] in module waveform_display is either unconnected or has no load
WARNING: [Synth 8-7129] Port rms_ch2[1] in module waveform_display is either unconnected or has no load
WARNING: [Synth 8-7129] Port rms_ch2[0] in module waveform_display is either unconnected or has no load
WARNING: [Synth 8-7129] Port avg_ch2[7] in module waveform_display is either unconnected or has no load
WARNING: [Synth 8-7129] Port avg_ch2[6] in module waveform_display is either unconnected or has no load
WARNING: [Synth 8-7129] Port avg_ch2[5] in module waveform_display is either unconnected or has no load
WARNING: [Synth 8-7129] Port avg_ch2[4] in module waveform_display is either unconnected or has no load
WARNING: [Synth 8-7129] Port avg_ch2[3] in module waveform_display is either unconnected or has no load
WARNING: [Synth 8-7129] Port avg_ch2[2] in module waveform_display is either unconnected or has no load
WARNING: [Synth 8-7129] Port avg_ch2[1] in module waveform_display is either unconnected or has no load
WARNING: [Synth 8-7129] Port avg_ch2[0] in module waveform_display is either unconnected or has no load
WARNING: [Synth 8-7129] Port max_ch2[7] in module waveform_display is either unconnected or has no load
WARNING: [Synth 8-7129] Port max_ch2[6] in module waveform_display is either unconnected or has no load
WARNING: [Synth 8-7129] Port max_ch2[5] in module waveform_display is either unconnected or has no load
WARNING: [Synth 8-7129] Port max_ch2[4] in module waveform_display is either unconnected or has no load
WARNING: [Synth 8-7129] Port max_ch2[3] in module waveform_display is either unconnected or has no load
WARNING: [Synth 8-7129] Port max_ch2[2] in module waveform_display is either unconnected or has no load
WARNING: [Synth 8-7129] Port max_ch2[1] in module waveform_display is either unconnected or has no load
WARNING: [Synth 8-7129] Port max_ch2[0] in module waveform_display is either unconnected or has no load
WARNING: [Synth 8-7129] Port loop_rx[0] in module top is either unconnected or has no load
---------------------------------------------------------------------------------
Finished RTL Elaboration : Time (s): cpu = 00:00:05 ; elapsed = 00:00:05 . Memory (MB): peak = 1519.215 ; gain = 670.301
---------------------------------------------------------------------------------
---------------------------------------------------------------------------------
Start Handling Custom Attributes
---------------------------------------------------------------------------------
---------------------------------------------------------------------------------
Finished Handling Custom Attributes : Time (s): cpu = 00:00:05 ; elapsed = 00:00:05 . Memory (MB): peak = 1519.215 ; gain = 670.301
---------------------------------------------------------------------------------
---------------------------------------------------------------------------------
Finished RTL Optimization Phase 1 : Time (s): cpu = 00:00:05 ; elapsed = 00:00:05 . Memory (MB): peak = 1519.215 ; gain = 670.301
---------------------------------------------------------------------------------
Netlist sorting complete. Time (s): cpu = 00:00:00 ; elapsed = 00:00:00.052 . Memory (MB): peak = 1519.215 ; gain = 0.000
INFO: [Netlist 29-17] Analyzing 1 Unisim elements for replacement
INFO: [Netlist 29-28] Unisim Transformation completed in 0 CPU seconds
INFO: [Project 1-570] Preparing netlist for logic optimization

Processing XDC Constraints
Initializing timing engine
Parsing XDC File [C:/Users/sgzmd/Desktop/pocketscope_sim2_0/pocketscope_sim/pocketscope_sim.srcs/constrs_1/new/pocketscope.xdc]
Finished Parsing XDC File [C:/Users/sgzmd/Desktop/pocketscope_sim2_0/pocketscope_sim/pocketscope_sim.srcs/constrs_1/new/pocketscope.xdc]
INFO: [Project 1-236] Implementation specific constraints were found while reading constraint file [C:/Users/sgzmd/Desktop/pocketscope_sim2_0/pocketscope_sim/pocketscope_sim.srcs/constrs_1/new/pocketscope.xdc]. These constraints will be ignored for synthesis but will be used in implementation. Impacted constraints are listed in the file [.Xil/top_propImpl.xdc].
Resolution: To avoid this warning, move constraints listed in [.Xil/top_propImpl.xdc] to another XDC file and exclude this new file from synthesis with the used_in_synthesis property (File Properties dialog in GUI) and re-run elaboration/synthesis.
Completed Processing XDC Constraints

Netlist sorting complete. Time (s): cpu = 00:00:00 ; elapsed = 00:00:00.002 . Memory (MB): peak = 1613.727 ; gain = 0.000
INFO: [Project 1-111] Unisim Transformation Summary:
No Unisim elements were transformed.

Constraint Validation Runtime : Time (s): cpu = 00:00:00 ; elapsed = 00:00:00.012 . Memory (MB): peak = 1613.727 ; gain = 0.000
INFO: [Designutils 20-5440] No compile time benefit to using incremental synthesis; A full resynthesis will be run
INFO: [Designutils 20-4379] Flow is switching to default flow due to incremental criteria not met. If you would like to alter this behaviour and have the flow terminate instead, please set the following parameter config_implementation {autoIncr.Synth.RejectBehavior Terminate}
---------------------------------------------------------------------------------
Finished Constraint Validation : Time (s): cpu = 00:00:10 ; elapsed = 00:00:11 . Memory (MB): peak = 1613.727 ; gain = 764.812
---------------------------------------------------------------------------------
---------------------------------------------------------------------------------
Start Loading Part and Timing Information
---------------------------------------------------------------------------------
Loading part: xc7a35tcsg324-1
---------------------------------------------------------------------------------
Finished Loading Part and Timing Information : Time (s): cpu = 00:00:10 ; elapsed = 00:00:11 . Memory (MB): peak = 1613.727 ; gain = 764.812
---------------------------------------------------------------------------------
---------------------------------------------------------------------------------
Start Applying 'set_property' XDC Constraints
---------------------------------------------------------------------------------
---------------------------------------------------------------------------------
Finished applying 'set_property' XDC Constraints : Time (s): cpu = 00:00:10 ; elapsed = 00:00:11 . Memory (MB): peak = 1613.727 ; gain = 764.812
---------------------------------------------------------------------------------
---------------------------------------------------------------------------------
Finished RTL Optimization Phase 2 : Time (s): cpu = 00:00:11 ; elapsed = 00:00:13 . Memory (MB): peak = 1613.727 ; gain = 764.812
---------------------------------------------------------------------------------
---------------------------------------------------------------------------------
Start RTL Component Statistics 
---------------------------------------------------------------------------------
Detailed RTL Component Info : 
+---Adders : 
	   2 Input   33 Bit       Adders := 1     
	   2 Input   32 Bit       Adders := 11    
	   2 Input   27 Bit       Adders := 1     
	   2 Input   24 Bit       Adders := 2     
	   2 Input   16 Bit       Adders := 3     
	   3 Input   16 Bit       Adders := 2     
	   2 Input   14 Bit       Adders := 9     
	   2 Input   13 Bit       Adders := 2     
	   2 Input   11 Bit       Adders := 10    
	   2 Input   10 Bit       Adders := 209   
	   3 Input   10 Bit       Adders := 1     
	   2 Input    9 Bit       Adders := 73    
	   2 Input    8 Bit       Adders := 27    
	   3 Input    8 Bit       Adders := 2     
	   2 Input    7 Bit       Adders := 2     
	   2 Input    6 Bit       Adders := 1     
	   2 Input    5 Bit       Adders := 2     
	   2 Input    4 Bit       Adders := 3     
	   2 Input    2 Bit       Adders := 1     
+---Registers : 
	               32 Bit    Registers := 1     
	               27 Bit    Registers := 1     
	               24 Bit    Registers := 2     
	               16 Bit    Registers := 18    
	               14 Bit    Registers := 6     
	               12 Bit    Registers := 4     
	               10 Bit    Registers := 134   
	                8 Bit    Registers := 41    
	                6 Bit    Registers := 1     
	                5 Bit    Registers := 2     
	                4 Bit    Registers := 3     
	                3 Bit    Registers := 2     
	                2 Bit    Registers := 26    
	                1 Bit    Registers := 65    
+---Multipliers : 
	              14x14  Multipliers := 1     
+---RAMs : 
	               8K Bit	(1024 X 8 bit)          RAMs := 2     
+---Muxes : 
	   2 Input   32 Bit        Muxes := 8     
	   2 Input   24 Bit        Muxes := 2     
	   4 Input   24 Bit        Muxes := 1     
	   2 Input   16 Bit        Muxes := 3     
	   2 Input   14 Bit        Muxes := 2     
	   2 Input   11 Bit        Muxes := 10    
	   2 Input   10 Bit        Muxes := 201   
	   2 Input    9 Bit        Muxes := 64    
	   2 Input    8 Bit        Muxes := 26    
	   3 Input    8 Bit        Muxes := 2     
	   5 Input    8 Bit        Muxes := 1     
	   4 Input    8 Bit        Muxes := 1     
	   2 Input    7 Bit        Muxes := 5     
	   3 Input    7 Bit        Muxes := 2     
	   2 Input    5 Bit        Muxes := 3     
	   2 Input    4 Bit        Muxes := 33    
	   5 Input    4 Bit        Muxes := 6     
	   7 Input    4 Bit        Muxes := 1     
	   4 Input    4 Bit        Muxes := 6     
	   2 Input    3 Bit        Muxes := 3     
	   4 Input    3 Bit        Muxes := 1     
	   2 Input    2 Bit        Muxes := 23    
	   4 Input    2 Bit        Muxes := 1     
	   3 Input    1 Bit        Muxes := 1     
	   2 Input    1 Bit        Muxes := 134   
	   8 Input    1 Bit        Muxes := 2     
	   4 Input    1 Bit        Muxes := 1     
---------------------------------------------------------------------------------
Finished RTL Component Statistics 
---------------------------------------------------------------------------------
---------------------------------------------------------------------------------
Start Part Resource Summary
---------------------------------------------------------------------------------
Part Resources:
DSPs: 90 (col length:60)
BRAMs: 100 (col length: RAMB18 60 RAMB36 30)
---------------------------------------------------------------------------------
Finished Part Resource Summary
---------------------------------------------------------------------------------
---------------------------------------------------------------------------------
Start Cross Boundary and Area Optimization
---------------------------------------------------------------------------------
WARNING: [Synth 8-7080] Parallel synthesis criteria is not met
DSP Report: Generating DSP frequency_hz1, operation Mode is: (C:0x5)+A*(B:0x193).
DSP Report: operator frequency_hz1 is absorbed into DSP frequency_hz1.
DSP Report: operator frequency_hz2 is absorbed into DSP frequency_hz1.
DSP Report: Generating DSP vpp_mv1, operation Mode is: A*(B:0xfa0).
DSP Report: operator vpp_mv1 is absorbed into DSP vpp_mv1.
DSP Report: Generating DSP frequency_hz1, operation Mode is: (C:0x5)+A*(B:0x193).
DSP Report: operator frequency_hz1 is absorbed into DSP frequency_hz1.
DSP Report: operator frequency_hz2 is absorbed into DSP frequency_hz1.
DSP Report: Generating DSP vpp_mv1, operation Mode is: A*(B:0xfa0).
DSP Report: operator vpp_mv1 is absorbed into DSP vpp_mv1.
DSP Report: Generating DSP trigger_mv0, operation Mode is: (C:0x200)+(A:0xfa0)*B.
DSP Report: operator trigger_mv0 is absorbed into DSP trigger_mv0.
DSP Report: operator trigger_mv1 is absorbed into DSP trigger_mv0.
DSP Report: Generating DSP fm_dev2, operation Mode is: A*B.
DSP Report: operator fm_dev2 is absorbed into DSP fm_dev2.
WARNING: [Synth 8-7129] Port loop_rx[0] in module top is either unconnected or has no load
WARNING: [Synth 8-3332] Sequential element (vpp_mv_reg__5) is unused and will be removed from module wave_analyzer__1.
WARNING: [Synth 8-3332] Sequential element (vpp_mv_reg__6) is unused and will be removed from module wave_analyzer__1.
WARNING: [Synth 8-3332] Sequential element (vpp_mv_reg__7) is unused and will be removed from module wave_analyzer__1.
WARNING: [Synth 8-3332] Sequential element (vpp_mv_reg__8) is unused and will be removed from module wave_analyzer__1.
WARNING: [Synth 8-3332] Sequential element (vpp_mv_reg__9) is unused and will be removed from module wave_analyzer__1.
WARNING: [Synth 8-3332] Sequential element (vpp_mv_reg__10) is unused and will be removed from module wave_analyzer__1.
WARNING: [Synth 8-3332] Sequential element (vpp_mv_reg__11) is unused and will be removed from module wave_analyzer__1.
WARNING: [Synth 8-3332] Sequential element (vpp_mv_reg__12) is unused and will be removed from module wave_analyzer__1.
WARNING: [Synth 8-3332] Sequential element (vpp_mv_reg__13) is unused and will be removed from module wave_analyzer__1.
WARNING: [Synth 8-3332] Sequential element (vpp_mv_reg__14) is unused and will be removed from module wave_analyzer__1.
WARNING: [Synth 8-3332] Sequential element (vpp_mv_reg__5) is unused and will be removed from module wave_analyzer.
WARNING: [Synth 8-3332] Sequential element (vpp_mv_reg__6) is unused and will be removed from module wave_analyzer.
WARNING: [Synth 8-3332] Sequential element (vpp_mv_reg__7) is unused and will be removed from module wave_analyzer.
WARNING: [Synth 8-3332] Sequential element (vpp_mv_reg__8) is unused and will be removed from module wave_analyzer.
WARNING: [Synth 8-3332] Sequential element (vpp_mv_reg__9) is unused and will be removed from module wave_analyzer.
WARNING: [Synth 8-3332] Sequential element (vpp_mv_reg__10) is unused and will be removed from module wave_analyzer.
WARNING: [Synth 8-3332] Sequential element (vpp_mv_reg__11) is unused and will be removed from module wave_analyzer.
WARNING: [Synth 8-3332] Sequential element (vpp_mv_reg__12) is unused and will be removed from module wave_analyzer.
WARNING: [Synth 8-3332] Sequential element (vpp_mv_reg__13) is unused and will be removed from module wave_analyzer.
WARNING: [Synth 8-3332] Sequential element (vpp_mv_reg__14) is unused and will be removed from module wave_analyzer.
---------------------------------------------------------------------------------
Finished Cross Boundary and Area Optimization : Time (s): cpu = 00:00:47 ; elapsed = 00:00:50 . Memory (MB): peak = 2143.246 ; gain = 1294.332
---------------------------------------------------------------------------------
 Sort Area is top__GB2 fm_dev2_8 : 0 0 : 848 848 : Used 1 time 0
 Sort Area is top__GB0 vpp_mv1_2 : 0 0 : 485 485 : Used 1 time 0
 Sort Area is top__GB0 vpp_mv1_5 : 0 0 : 485 485 : Used 1 time 0
 Sort Area is top__GB0 frequency_hz1_0 : 0 0 : 481 481 : Used 1 time 0
 Sort Area is top__GB0 frequency_hz1_4 : 0 0 : 481 481 : Used 1 time 0
 Sort Area is top__GB0 trigger_mv0_6 : 0 0 : 282 282 : Used 1 time 0
---------------------------------------------------------------------------------
Start ROM, RAM, DSP, Shift Register and Retiming Reporting
---------------------------------------------------------------------------------

ROM: Preliminary Mapping Report
+-------------+------------+---------------+----------------+
|Module Name  | RTL Object | Depth x Width | Implemented As | 
+-------------+------------+---------------+----------------+
|modulation   | mod_lut    | 64x8          | LUT            | 
|dds_core     | sine_lut   | 1024x8        | LUT            | 
|char_gen     | font_rom   | 1024x8        | LUT            | 
|kaleidoscope | sin_lut    | 64x8          | LUT            | 
|kaleidoscope | sin_lut    | 64x8          | LUT            | 
|char_gen     | p_0_out    | 1024x8        | LUT            | 
|kaleidoscope | p_0_out    | 64x8          | LUT            | 
|kaleidoscope | p_0_out    | 64x8          | LUT            | 
|char_gen     | p_0_out    | 1024x8        | LUT            | 
|dds_core     | p_0_out    | 1024x8        | LUT            | 
|modulation   | p_0_out    | 64x8          | LUT            | 
+-------------+------------+---------------+----------------+


Block RAM: Preliminary Mapping Report (see note below)
+------------+-------------------+------------------------+---+---+------------------------+---+---+------------------+--------+--------+
|Module Name | RTL Object        | PORT A (Depth x Width) | W | R | PORT B (Depth x Width) | W | R | Ports driving FF | RAMB18 | RAMB36 | 
+------------+-------------------+------------------------+---+---+------------------------+---+---+------------------+--------+--------+
|top         | u_ram_ch1/ram_reg | 1 K x 8(READ_FIRST)    | W |   | 1 K x 8(WRITE_FIRST)   |   | R | Port A and B     | 1      | 0      | 
|top         | u_ram_ch2/ram_reg | 1 K x 8(READ_FIRST)    | W |   | 1 K x 8(WRITE_FIRST)   |   | R | Port A and B     | 1      | 0      | 
+------------+-------------------+------------------------+---+---+------------------------+---+---+------------------+--------+--------+

Note: The table above is a preliminary report that shows the Block RAMs at the current stage of the synthesis flow. Some Block RAMs may be reimplemented as non Block RAM primitives later in the synthesis flow. Multiple instantiated Block RAMs are reported only once. 

DSP: Preliminary Mapping Report (see note below. The ' indicates corresponding REG is set)
+-----------------+-----------------------+--------+--------+--------+--------+--------+------+------+------+------+-------+------+------+
|Module Name      | DSP Mapping           | A Size | B Size | C Size | D Size | P Size | AREG | BREG | CREG | DREG | ADREG | MREG | PREG | 
+-----------------+-----------------------+--------+--------+--------+--------+--------+------+------+------+------+-------+------+------+
|wave_analyzer    | (C:0x5)+A*(B:0x193)   | 16     | 9      | 3      | -      | 16     | 0    | 0    | 0    | -    | -     | 0    | 0    | 
|wave_analyzer    | A*(B:0xfa0)           | 16     | 12     | -      | -      | 28     | 0    | 0    | -    | -    | -     | 0    | 0    | 
|wave_analyzer    | (C:0x5)+A*(B:0x193)   | 16     | 9      | 3      | -      | 16     | 0    | 0    | 0    | -    | -     | 0    | 0    | 
|wave_analyzer    | A*(B:0xfa0)           | 16     | 12     | -      | -      | 28     | 0    | 0    | -    | -    | -     | 0    | 0    | 
|waveform_display | (C:0x200)+(A:0xfa0)*B | 8      | 12     | 10     | -      | 16     | 0    | 0    | 0    | -    | -     | 0    | 0    | 
|modulation       | A*B                   | 14     | 9      | -      | -      | 23     | 0    | 0    | -    | -    | -     | 0    | 0    | 
+-----------------+-----------------------+--------+--------+--------+--------+--------+------+------+------+------+-------+------+------+

Note: The table above is a preliminary report that shows the DSPs inferred at the current stage of the synthesis flow. Some DSP may be reimplemented as non DSP primitives later in the synthesis flow. Multiple instantiated DSPs are reported only once.
---------------------------------------------------------------------------------
Finished ROM, RAM, DSP, Shift Register and Retiming Reporting
---------------------------------------------------------------------------------
---------------------------------------------------------------------------------
Start Applying XDC Timing Constraints
---------------------------------------------------------------------------------
---------------------------------------------------------------------------------
Finished Applying XDC Timing Constraints : Time (s): cpu = 00:00:52 ; elapsed = 00:00:54 . Memory (MB): peak = 2143.246 ; gain = 1294.332
---------------------------------------------------------------------------------
---------------------------------------------------------------------------------
Start Timing Optimization
---------------------------------------------------------------------------------
---------------------------------------------------------------------------------
Finished Timing Optimization : Time (s): cpu = 00:01:01 ; elapsed = 00:01:03 . Memory (MB): peak = 2143.246 ; gain = 1294.332
---------------------------------------------------------------------------------
---------------------------------------------------------------------------------
Start ROM, RAM, DSP, Shift Register and Retiming Reporting
---------------------------------------------------------------------------------

Block RAM: Final Mapping Report
+------------+-------------------+------------------------+---+---+------------------------+---+---+------------------+--------+--------+
|Module Name | RTL Object        | PORT A (Depth x Width) | W | R | PORT B (Depth x Width) | W | R | Ports driving FF | RAMB18 | RAMB36 | 
+------------+-------------------+------------------------+---+---+------------------------+---+---+------------------+--------+--------+
|top         | u_ram_ch1/ram_reg | 1 K x 8(READ_FIRST)    | W |   | 1 K x 8(WRITE_FIRST)   |   | R | Port A and B     | 1      | 0      | 
|top         | u_ram_ch2/ram_reg | 1 K x 8(READ_FIRST)    | W |   | 1 K x 8(WRITE_FIRST)   |   | R | Port A and B     | 1      | 0      | 
+------------+-------------------+------------------------+---+---+------------------------+---+---+------------------+--------+--------+

---------------------------------------------------------------------------------
Finished ROM, RAM, DSP, Shift Register and Retiming Reporting
---------------------------------------------------------------------------------
---------------------------------------------------------------------------------
Start Technology Mapping
---------------------------------------------------------------------------------
INFO: [Synth 8-7052] The timing for the instance u_ram_ch1/ram_reg (implemented as a Block RAM) might be sub-optimal as no optional output register could be merged into the ram block. Providing additional output register may help in improving timing.
INFO: [Synth 8-7052] The timing for the instance u_ram_ch2/ram_reg (implemented as a Block RAM) might be sub-optimal as no optional output register could be merged into the ram block. Providing additional output register may help in improving timing.
---------------------------------------------------------------------------------
Finished Technology Mapping : Time (s): cpu = 00:01:04 ; elapsed = 00:01:06 . Memory (MB): peak = 2143.246 ; gain = 1294.332
---------------------------------------------------------------------------------
---------------------------------------------------------------------------------
Start IO Insertion
---------------------------------------------------------------------------------
---------------------------------------------------------------------------------
Start Flattening Before IO Insertion
---------------------------------------------------------------------------------
---------------------------------------------------------------------------------
Finished Flattening Before IO Insertion
---------------------------------------------------------------------------------
---------------------------------------------------------------------------------
Start Final Netlist Cleanup
---------------------------------------------------------------------------------
---------------------------------------------------------------------------------
Finished Final Netlist Cleanup
---------------------------------------------------------------------------------
---------------------------------------------------------------------------------
Finished IO Insertion : Time (s): cpu = 00:01:06 ; elapsed = 00:01:08 . Memory (MB): peak = 2143.246 ; gain = 1294.332
---------------------------------------------------------------------------------
---------------------------------------------------------------------------------
Start Renaming Generated Instances
---------------------------------------------------------------------------------
---------------------------------------------------------------------------------
Finished Renaming Generated Instances : Time (s): cpu = 00:01:06 ; elapsed = 00:01:08 . Memory (MB): peak = 2143.246 ; gain = 1294.332
---------------------------------------------------------------------------------
---------------------------------------------------------------------------------
Start Rebuilding User Hierarchy
---------------------------------------------------------------------------------
---------------------------------------------------------------------------------
Finished Rebuilding User Hierarchy : Time (s): cpu = 00:01:06 ; elapsed = 00:01:09 . Memory (MB): peak = 2143.246 ; gain = 1294.332
---------------------------------------------------------------------------------
---------------------------------------------------------------------------------
Start Renaming Generated Ports
---------------------------------------------------------------------------------
---------------------------------------------------------------------------------
Finished Renaming Generated Ports : Time (s): cpu = 00:01:07 ; elapsed = 00:01:09 . Memory (MB): peak = 2143.246 ; gain = 1294.332
---------------------------------------------------------------------------------
---------------------------------------------------------------------------------
Start Handling Custom Attributes
---------------------------------------------------------------------------------
---------------------------------------------------------------------------------
Finished Handling Custom Attributes : Time (s): cpu = 00:01:07 ; elapsed = 00:01:09 . Memory (MB): peak = 2143.246 ; gain = 1294.332
---------------------------------------------------------------------------------
---------------------------------------------------------------------------------
Start Renaming Generated Nets
---------------------------------------------------------------------------------
---------------------------------------------------------------------------------
Finished Renaming Generated Nets : Time (s): cpu = 00:01:07 ; elapsed = 00:01:09 . Memory (MB): peak = 2143.246 ; gain = 1294.332
---------------------------------------------------------------------------------
---------------------------------------------------------------------------------
Start Writing Synthesis Report
---------------------------------------------------------------------------------

DSP Final Report (the ' indicates corresponding REG is set)
+-----------------+-------------+--------+--------+--------+--------+--------+------+------+------+------+-------+------+------+
|Module Name      | DSP Mapping | A Size | B Size | C Size | D Size | P Size | AREG | BREG | CREG | DREG | ADREG | MREG | PREG | 
+-----------------+-------------+--------+--------+--------+--------+--------+------+------+------+------+-------+------+------+
|wave_analyzer    | C+A*B       | 16     | 9      | 3      | -      | 16     | 0    | 0    | 0    | -    | -     | 0    | 0    | 
|wave_analyzer    | (A*B)'      | 16     | 12     | -      | -      | 28     | 0    | 0    | -    | -    | -     | 0    | 1    | 
|wave_analyzer    | C+A*B       | 16     | 9      | 3      | -      | 16     | 0    | 0    | 0    | -    | -     | 0    | 0    | 
|wave_analyzer    | (A*B)'      | 16     | 12     | -      | -      | 28     | 0    | 0    | -    | -    | -     | 0    | 1    | 
|modulation       | A*B         | 13     | 8      | -      | -      | 23     | 0    | 0    | -    | -    | -     | 0    | 0    | 
|waveform_display | C+A*B       | 8      | 12     | 10     | -      | 16     | 0    | 0    | 0    | -    | -     | 0    | 0    | 
+-----------------+-------------+--------+--------+--------+--------+--------+------+------+------+------+-------+------+------+


Report BlackBoxes: 
+-+--------------+----------+
| |BlackBox name |Instances |
+-+--------------+----------+
+-+--------------+----------+

Report Cell Usage: 
+------+---------+------+
|      |Cell     |Count |
+------+---------+------+
|1     |BUFG     |     2|
|2     |CARRY4   |  1075|
|3     |DSP48E1  |     6|
|6     |LUT1     |   311|
|7     |LUT2     |  1359|
|8     |LUT3     |   821|
|9     |LUT4     |  1560|
|10    |LUT5     |   995|
|11    |LUT6     |  3541|
|12    |MUXF7    |    27|
|13    |MUXF8    |     8|
|14    |RAMB18E1 |     2|
|15    |XADC     |     1|
|16    |FDCE     |   826|
|17    |FDPE     |    43|
|18    |FDRE     |  1218|
|19    |IBUF     |    28|
|20    |OBUF     |    35|
+------+---------+------+
---------------------------------------------------------------------------------
Finished Writing Synthesis Report : Time (s): cpu = 00:01:07 ; elapsed = 00:01:09 . Memory (MB): peak = 2143.246 ; gain = 1294.332
---------------------------------------------------------------------------------
Synthesis finished with 0 errors, 0 critical warnings and 22 warnings.
Synthesis Optimization Runtime : Time (s): cpu = 00:01:01 ; elapsed = 00:01:07 . Memory (MB): peak = 2143.246 ; gain = 1199.820
Synthesis Optimization Complete : Time (s): cpu = 00:01:07 ; elapsed = 00:01:09 . Memory (MB): peak = 2143.246 ; gain = 1294.332
INFO: [Project 1-571] Translating synthesized netlist
Netlist sorting complete. Time (s): cpu = 00:00:00 ; elapsed = 00:00:00.060 . Memory (MB): peak = 2143.246 ; gain = 0.000
INFO: [Netlist 29-17] Analyzing 1119 Unisim elements for replacement
INFO: [Netlist 29-28] Unisim Transformation completed in 0 CPU seconds
INFO: [Project 1-570] Preparing netlist for logic optimization
INFO: [Opt 31-140] Inserted 2 IBUFs to IO ports without IO buffers.
INFO: [Opt 31-138] Pushed 0 inverter(s) to 0 load pin(s).
Netlist sorting complete. Time (s): cpu = 00:00:00 ; elapsed = 00:00:00.002 . Memory (MB): peak = 2143.246 ; gain = 0.000
INFO: [Project 1-111] Unisim Transformation Summary:
No Unisim elements were transformed.

Synth Design complete | Checksum: f457c7f2
INFO: [Common 17-83] Releasing license: Synthesis
63 Infos, 207 Warnings, 0 Critical Warnings and 0 Errors encountered.
synth_design completed successfully
synth_design: Time (s): cpu = 00:01:10 ; elapsed = 00:01:14 . Memory (MB): peak = 2143.246 ; gain = 1480.832
Write ShapeDB Complete: Time (s): cpu = 00:00:00 ; elapsed = 00:00:00.016 . Memory (MB): peak = 2143.246 ; gain = 0.000
INFO: [Common 17-1381] The checkpoint 'C:/Users/sgzmd/Desktop/pocketscope_sim2_0/pocketscope_sim/pocketscope_sim.runs/synth_1/top.dcp' has been generated.
INFO: [Vivado 12-24828] Executing command : report_utilization -file top_utilization_synth.rpt -pb top_utilization_synth.pb
INFO: [Common 17-206] Exiting Vivado at Fri Jun 26 17:04:38 2026...
