#-----------------------------------------------------------
# Vivado v2025.1 (64-bit)
# SW Build 6140274 on Thu May 22 00:12:29 MDT 2025
# IP Build 6138677 on Thu May 22 03:10:11 MDT 2025
# SharedData Build 6139179 on Tue May 20 17:58:58 MDT 2025
# Start of session at: Mon Jun 22 17:45:28 2026
# Process ID         : 40992
# Current directory  : D:/pocketscope_sim/pocketscope_sim
# Command line       : vivado.exe -gui_launcher_event rodinguilauncherevent32428 D:\pocketscope_sim\pocketscope_sim\pocketscope_sim.xpr
# Log file           : D:/pocketscope_sim/pocketscope_sim/vivado.log
# Journal file       : D:/pocketscope_sim/pocketscope_sim\vivado.jou
# Running On         : MOSS550W
# Platform           : Windows Server 2016 or Windows 10
# Operating System   : 26200
# Processor Detail   : Intel(R) Core(TM) i9-14900HX
# CPU Frequency      : 2419 MHz
# CPU Physical cores : 24
# CPU Logical cores  : 32
# Host memory        : 34070 MB
# Swap memory        : 8321 MB
# Total Virtual      : 42391 MB
# Available Virtual  : 17181 MB
#-----------------------------------------------------------
start_gui
open_project D:/pocketscope_sim/pocketscope_sim/pocketscope_sim.xpr
WARNING: [Board 49-26] cannot add Board Part xilinx.com:zcu208ld:part0:2.0 available at D:/FPGA/2025.1/data/xhub/boards\XilinxBoardStore\boards\Xilinx\zcu208ld\production\2.0\board.xml as part xczu58dr-fsvg1517-2-i specified in board_part file is either invalid or not available
WARNING: [Board 49-26] cannot add Board Part xilinx.com:zcu216ld:part0:2.0 available at D:/FPGA/2025.1/data/xhub/boards\XilinxBoardStore\boards\Xilinx\zcu216ld\production\2.0\board.xml as part xczu59dr-ffvf1760-2-i specified in board_part file is either invalid or not available
WARNING: [Board 49-26] cannot add Board Part xilinx.com:zcu670ld:part0:1.0 available at D:/FPGA/2025.1/data/xhub/boards\XilinxBoardStore\boards\Xilinx\zcu670ld\1.0\board.xml as part xczu57dr-fsve1156-2-i specified in board_part file is either invalid or not available
Scanning sources...
Finished scanning sources
WARNING: [Board 49-26] cannot add Board Part xilinx.com:zcu208ld:part0:2.0 available at D:/FPGA/2025.1/data/xhub/boards\XilinxBoardStore\boards\Xilinx\zcu208ld\production\2.0\board.xml as part xczu58dr-fsvg1517-2-i specified in board_part file is either invalid or not available
WARNING: [Board 49-26] cannot add Board Part xilinx.com:zcu216ld:part0:2.0 available at D:/FPGA/2025.1/data/xhub/boards\XilinxBoardStore\boards\Xilinx\zcu216ld\production\2.0\board.xml as part xczu59dr-ffvf1760-2-i specified in board_part file is either invalid or not available
WARNING: [Board 49-26] cannot add Board Part xilinx.com:zcu670ld:part0:1.0 available at D:/FPGA/2025.1/data/xhub/boards\XilinxBoardStore\boards\Xilinx\zcu670ld\1.0\board.xml as part xczu57dr-fsve1156-2-i specified in board_part file is either invalid or not available
WARNING: [Project 1-5713] Board part '' set for the project  is not found. BoardPart property will be unset. Please select board from latest repo build 
INFO: [IP_Flow 19-234] Refreshing IP repositories
INFO: [IP_Flow 19-1704] No user IP repositories specified
INFO: [IP_Flow 19-2313] Loaded Vivado IP repository 'D:/FPGA/2025.1/Vivado/data/ip'.
open_project: Time (s): cpu = 00:00:45 ; elapsed = 00:00:28 . Memory (MB): peak = 1836.707 ; gain = 279.648
update_compile_order -fileset sources_1
reset_run impl_1 -prev_step 
launch_runs impl_1 -to_step write_bitstream -jobs 16
[Mon Jun 22 17:47:58 2026] Launched impl_1...
Run output will be captured here: D:/pocketscope_sim/pocketscope_sim/pocketscope_sim.runs/impl_1/runme.log
open_hw_manager
connect_hw_server -allow_non_jtag
INFO: [Labtools 27-2285] Connecting to hw_server url TCP:localhost:3121
INFO: [Labtools 27-2222] Launching hw_server...
INFO: [Labtools 27-2221] Launch Output:

****** Xilinx hw_server v2025.1
  **** Build date : May  6 2025 at 09:15:36
    ** Copyright 1986-2022 Xilinx, Inc. All Rights Reserved.


INFO: [Labtools 27-3415] Connecting to cs_server url TCP:localhost:0
INFO: [Labtools 27-3417] Launching cs_server...
INFO: [Labtools 27-2221] Launch Output:


******** Xilinx cs_server v2025.1.0
  ****** Build date   : May 14 2025-03:15:27
    **** Build number : 2025.1.1747163727
      ** Copyright 2017-2022 Xilinx, Inc. All Rights Reserved.
      ** Copyright 2022-2026 Advanced Micro Devices, Inc. All Rights Reserved.



connect_hw_server: Time (s): cpu = 00:00:01 ; elapsed = 00:00:08 . Memory (MB): peak = 1836.707 ; gain = 0.000
open_hw_target
INFO: [Labtoolstcl 44-466] Opening hw_target localhost:3121/xilinx_tcf/Xilinx/1234-tulA
current_hw_device [get_hw_devices xc7a35t_0]
refresh_hw_device -update_hw_probes false [lindex [get_hw_devices xc7a35t_0] 0]
INFO: [Labtools 27-1435] Device xc7a35t (JTAG device index = 0) is not programmed (DONE status = 0).
refresh_hw_device [lindex [get_hw_devices xc7a35t_0] 0]
INFO: [Labtools 27-1435] Device xc7a35t (JTAG device index = 0) is not programmed (DONE status = 0).
close_hw_manager
open_hw_manager
connect_hw_server -allow_non_jtag
INFO: [Labtools 27-2285] Connecting to hw_server url TCP:localhost:3121
INFO: [Labtools 27-2222] Launching hw_server...
INFO: [Labtools 27-2221] Launch Output:

****** Xilinx hw_server v2025.1
  **** Build date : May  6 2025 at 09:15:36
    ** Copyright 1986-2022 Xilinx, Inc. All Rights Reserved.


INFO: [Labtools 27-3415] Connecting to cs_server url TCP:localhost:0
INFO: [Labtools 27-3417] Launching cs_server...
INFO: [Labtools 27-2221] Launch Output:


******** Xilinx cs_server v2025.1.0
  ****** Build date   : May 14 2025-03:15:27
    **** Build number : 2025.1.1747163727
      ** Copyright 2017-2022 Xilinx, Inc. All Rights Reserved.
      ** Copyright 2022-2026 Advanced Micro Devices, Inc. All Rights Reserved.



connect_hw_server: Time (s): cpu = 00:00:00 ; elapsed = 00:00:06 . Memory (MB): peak = 1907.160 ; gain = 0.000
open_hw_target
INFO: [Labtoolstcl 44-466] Opening hw_target localhost:3121/xilinx_tcf/Xilinx/1234-tulA
set_property PROGRAM.FILE {D:/pocketscope_sim/pocketscope_sim/pocketscope_sim.runs/impl_1/top.bit} [get_hw_devices xc7a35t_0]
current_hw_device [get_hw_devices xc7a35t_0]
refresh_hw_device -update_hw_probes false [lindex [get_hw_devices xc7a35t_0] 0]
INFO: [Labtools 27-1435] Device xc7a35t (JTAG device index = 0) is not programmed (DONE status = 0).
set_property PROBES.FILE {} [get_hw_devices xc7a35t_0]
set_property FULL_PROBES.FILE {} [get_hw_devices xc7a35t_0]
set_property PROGRAM.FILE {D:/pocketscope_sim/pocketscope_sim/pocketscope_sim.runs/impl_1/top.bit} [get_hw_devices xc7a35t_0]
program_hw_devices [get_hw_devices xc7a35t_0]
INFO: [Labtools 27-3164] End of startup status: HIGH
refresh_hw_device [lindex [get_hw_devices xc7a35t_0] 0]
INFO: [Labtools 27-1434] Device xc7a35t (JTAG device index = 0) is programmed with a design that has no supported debug core(s) in it.
close_hw_manager
reset_run synth_1
INFO: [Project 1-1161] Replacing file D:/pocketscope_sim/pocketscope_sim/pocketscope_sim.srcs/utils_1/imports/synth_1/top.dcp with file D:/pocketscope_sim/pocketscope_sim/pocketscope_sim.runs/synth_1/top.dcp
launch_runs impl_1 -to_step write_bitstream -jobs 16
[Mon Jun 22 18:57:17 2026] Launched synth_1...
Run output will be captured here: D:/pocketscope_sim/pocketscope_sim/pocketscope_sim.runs/synth_1/runme.log
[Mon Jun 22 18:57:17 2026] Launched impl_1...
Run output will be captured here: D:/pocketscope_sim/pocketscope_sim/pocketscope_sim.runs/impl_1/runme.log
reset_run synth_1
INFO: [Project 1-1161] Replacing file D:/pocketscope_sim/pocketscope_sim/pocketscope_sim.srcs/utils_1/imports/synth_1/top.dcp with file D:/pocketscope_sim/pocketscope_sim/pocketscope_sim.runs/synth_1/top.dcp
launch_runs impl_1 -to_step write_bitstream -jobs 16
[Mon Jun 22 19:18:03 2026] Launched synth_1...
Run output will be captured here: D:/pocketscope_sim/pocketscope_sim/pocketscope_sim.runs/synth_1/runme.log
[Mon Jun 22 19:18:03 2026] Launched impl_1...
Run output will be captured here: D:/pocketscope_sim/pocketscope_sim/pocketscope_sim.runs/impl_1/runme.log
reset_run synth_1
INFO: [Project 1-1161] Replacing file D:/pocketscope_sim/pocketscope_sim/pocketscope_sim.srcs/utils_1/imports/synth_1/top.dcp with file D:/pocketscope_sim/pocketscope_sim/pocketscope_sim.runs/synth_1/top.dcp
launch_runs impl_1 -to_step write_bitstream -jobs 16
[Mon Jun 22 20:11:48 2026] Launched synth_1...
Run output will be captured here: D:/pocketscope_sim/pocketscope_sim/pocketscope_sim.runs/synth_1/runme.log
[Mon Jun 22 20:11:48 2026] Launched impl_1...
Run output will be captured here: D:/pocketscope_sim/pocketscope_sim/pocketscope_sim.runs/impl_1/runme.log
reset_run synth_1
INFO: [Project 1-1161] Replacing file D:/pocketscope_sim/pocketscope_sim/pocketscope_sim.srcs/utils_1/imports/synth_1/top.dcp with file D:/pocketscope_sim/pocketscope_sim/pocketscope_sim.runs/synth_1/top.dcp
launch_runs impl_1 -to_step write_bitstream -jobs 16
[Mon Jun 22 20:15:05 2026] Launched synth_1...
Run output will be captured here: D:/pocketscope_sim/pocketscope_sim/pocketscope_sim.runs/synth_1/runme.log
[Mon Jun 22 20:15:05 2026] Launched impl_1...
Run output will be captured here: D:/pocketscope_sim/pocketscope_sim/pocketscope_sim.runs/impl_1/runme.log
reset_run synth_1
INFO: [Project 1-1161] Replacing file D:/pocketscope_sim/pocketscope_sim/pocketscope_sim.srcs/utils_1/imports/synth_1/top.dcp with file D:/pocketscope_sim/pocketscope_sim/pocketscope_sim.runs/synth_1/top.dcp
launch_runs impl_1 -to_step write_bitstream -jobs 16
[Mon Jun 22 20:30:20 2026] Launched synth_1...
Run output will be captured here: D:/pocketscope_sim/pocketscope_sim/pocketscope_sim.runs/synth_1/runme.log
[Mon Jun 22 20:30:20 2026] Launched impl_1...
Run output will be captured here: D:/pocketscope_sim/pocketscope_sim/pocketscope_sim.runs/impl_1/runme.log
open_hw_manager
connect_hw_server -allow_non_jtag
INFO: [Labtools 27-2285] Connecting to hw_server url TCP:localhost:3121
INFO: [Labtools 27-2222] Launching hw_server...
INFO: [Labtools 27-2221] Launch Output:

****** Xilinx hw_server v2025.1
  **** Build date : May  6 2025 at 09:15:36
    ** Copyright 1986-2022 Xilinx, Inc. All Rights Reserved.


INFO: [Labtools 27-3415] Connecting to cs_server url TCP:localhost:0
INFO: [Labtools 27-3417] Launching cs_server...
INFO: [Labtools 27-2221] Launch Output:


******** Xilinx cs_server v2025.1.0
  ****** Build date   : May 14 2025-03:15:27
    **** Build number : 2025.1.1747163727
      ** Copyright 2017-2022 Xilinx, Inc. All Rights Reserved.
      ** Copyright 2022-2026 Advanced Micro Devices, Inc. All Rights Reserved.



connect_hw_server: Time (s): cpu = 00:00:00 ; elapsed = 00:00:06 . Memory (MB): peak = 1944.102 ; gain = 0.000
open_hw_target
INFO: [Labtoolstcl 44-466] Opening hw_target localhost:3121/xilinx_tcf/Xilinx/1234-tulA
set_property PROGRAM.FILE {D:/pocketscope_sim/pocketscope_sim/pocketscope_sim.runs/impl_1/top.bit} [get_hw_devices xc7a35t_0]
current_hw_device [get_hw_devices xc7a35t_0]
refresh_hw_device -update_hw_probes false [lindex [get_hw_devices xc7a35t_0] 0]
INFO: [Labtools 27-1434] Device xc7a35t (JTAG device index = 0) is programmed with a design that has no supported debug core(s) in it.
set_property PROBES.FILE {} [get_hw_devices xc7a35t_0]
set_property FULL_PROBES.FILE {} [get_hw_devices xc7a35t_0]
set_property PROGRAM.FILE {D:/pocketscope_sim/pocketscope_sim/pocketscope_sim.runs/impl_1/top.bit} [get_hw_devices xc7a35t_0]
program_hw_devices [get_hw_devices xc7a35t_0]
INFO: [Labtools 27-3164] End of startup status: HIGH
refresh_hw_device [lindex [get_hw_devices xc7a35t_0] 0]
INFO: [Labtools 27-1434] Device xc7a35t (JTAG device index = 0) is programmed with a design that has no supported debug core(s) in it.
close_hw_manager
