#-----------------------------------------------------------
# Vivado v2025.1 (64-bit)
# SW Build 6140274 on Thu May 22 00:12:29 MDT 2025
# IP Build 6138677 on Thu May 22 03:10:11 MDT 2025
# SharedData Build 6139179 on Tue May 20 17:58:58 MDT 2025
# Start of session at: Fri Jun 26 20:18:45 2026
# Process ID         : 51156
# Current directory  : C:/Users/sgzmd/Desktop/pocketscope_sim2_0/pocketscope_sim
# Command line       : vivado.exe -gui_launcher_event rodinguilauncherevent46040 C:\Users\sgzmd\Desktop\pocketscope_sim2_0\pocketscope_sim\pocketscope_sim.xpr
# Log file           : C:/Users/sgzmd/Desktop/pocketscope_sim2_0/pocketscope_sim/vivado.log
# Journal file       : C:/Users/sgzmd/Desktop/pocketscope_sim2_0/pocketscope_sim\vivado.jou
# Running On         : MOSS550W
# Platform           : Windows Server 2016 or Windows 10
# Operating System   : 26200
# Processor Detail   : Intel(R) Core(TM) i9-14900HX
# CPU Frequency      : 2419 MHz
# CPU Physical cores : 24
# CPU Logical cores  : 32
# Host memory        : 34070 MB
# Swap memory        : 9663 MB
# Total Virtual      : 43733 MB
# Available Virtual  : 9119 MB
#-----------------------------------------------------------
start_gui
open_project C:/Users/sgzmd/Desktop/pocketscope_sim2_0/pocketscope_sim/pocketscope_sim.xpr
WARNING: [Board 49-26] cannot add Board Part xilinx.com:zcu208ld:part0:2.0 available at D:/FPGA/2025.1/data/xhub/boards\XilinxBoardStore\boards\Xilinx\zcu208ld\production\2.0\board.xml as part xczu58dr-fsvg1517-2-i specified in board_part file is either invalid or not available
WARNING: [Board 49-26] cannot add Board Part xilinx.com:zcu216ld:part0:2.0 available at D:/FPGA/2025.1/data/xhub/boards\XilinxBoardStore\boards\Xilinx\zcu216ld\production\2.0\board.xml as part xczu59dr-ffvf1760-2-i specified in board_part file is either invalid or not available
WARNING: [Board 49-26] cannot add Board Part xilinx.com:zcu670ld:part0:1.0 available at D:/FPGA/2025.1/data/xhub/boards\XilinxBoardStore\boards\Xilinx\zcu670ld\1.0\board.xml as part xczu57dr-fsve1156-2-i specified in board_part file is either invalid or not available
Scanning sources...
Finished scanning sources
WARNING: [Board 49-26] cannot add Board Part xilinx.com:zcu208ld:part0:2.0 available at D:/FPGA/2025.1/data/xhub/boards\XilinxBoardStore\boards\Xilinx\zcu208ld\production\2.0\board.xml as part xczu58dr-fsvg1517-2-i specified in board_part file is either invalid or not available
WARNING: [Board 49-26] cannot add Board Part xilinx.com:zcu216ld:part0:2.0 available at D:/FPGA/2025.1/data/xhub/boards\XilinxBoardStore\boards\Xilinx\zcu216ld\production\2.0\board.xml as part xczu59dr-ffvf1760-2-i specified in board_part file is either invalid or not available
WARNING: [Board 49-26] cannot add Board Part xilinx.com:zcu670ld:part0:1.0 available at D:/FPGA/2025.1/data/xhub/boards\XilinxBoardStore\boards\Xilinx\zcu670ld\1.0\board.xml as part xczu57dr-fsve1156-2-i specified in board_part file is either invalid or not available
WARNING: [Project 1-5713] Board part '' set for the project  is not found. BoardPart property will be unset. Please select board from latest repo build 
INFO: [IP_Flow 19-234] Refreshing IP repositories
INFO: [IP_Flow 19-1704] No user IP repositories specified
INFO: [IP_Flow 19-2313] Loaded Vivado IP repository 'D:/FPGA/2025.1/Vivado/data/ip'.
open_project: Time (s): cpu = 00:00:10 ; elapsed = 00:00:06 . Memory (MB): peak = 1832.438 ; gain = 185.961
update_compile_order -fileset sources_1
reset_run synth_1
launch_runs impl_1 -to_step write_bitstream -jobs 16
[Fri Jun 26 20:20:38 2026] Launched synth_1...
Run output will be captured here: C:/Users/sgzmd/Desktop/pocketscope_sim2_0/pocketscope_sim/pocketscope_sim.runs/synth_1/runme.log
[Fri Jun 26 20:20:38 2026] Launched impl_1...
Run output will be captured here: C:/Users/sgzmd/Desktop/pocketscope_sim2_0/pocketscope_sim/pocketscope_sim.runs/impl_1/runme.log
reset_run synth_1
launch_runs impl_1 -to_step write_bitstream -jobs 16
[Fri Jun 26 20:38:48 2026] Launched synth_1...
Run output will be captured here: C:/Users/sgzmd/Desktop/pocketscope_sim2_0/pocketscope_sim/pocketscope_sim.runs/synth_1/runme.log
[Fri Jun 26 20:38:48 2026] Launched impl_1...
Run output will be captured here: C:/Users/sgzmd/Desktop/pocketscope_sim2_0/pocketscope_sim/pocketscope_sim.runs/impl_1/runme.log
reset_run synth_1
launch_runs impl_1 -to_step write_bitstream -jobs 16
[Fri Jun 26 20:46:32 2026] Launched synth_1...
Run output will be captured here: C:/Users/sgzmd/Desktop/pocketscope_sim2_0/pocketscope_sim/pocketscope_sim.runs/synth_1/runme.log
[Fri Jun 26 20:46:32 2026] Launched impl_1...
Run output will be captured here: C:/Users/sgzmd/Desktop/pocketscope_sim2_0/pocketscope_sim/pocketscope_sim.runs/impl_1/runme.log
exit
INFO: [Common 17-206] Exiting Vivado at Fri Jun 26 20:51:44 2026...
